[2024-04-21 21:22:31,618][INFO] start training!
[2024-04-21 21:22:31,618][INFO] GFLOPs: 7.23 GMac
[2024-04-21 21:22:31,619][INFO] Params: 21.69 M
[2024-04-21 21:22:31,629][INFO] Epoch 1/100
[2024-04-21 21:22:31,629][INFO] ------------------------------
[2024-04-21 21:24:09,827][INFO] [50/282] loss: 0.000300 cls_loss: 0.000300 loc_loss:0.000000 lr_backbone:0.000010time:1m 38s 
[2024-04-21 21:25:44,997][INFO] [100/282] loss: 0.000267 cls_loss: 0.000267 loc_loss:0.000000 lr_backbone:0.000010time:1m 35s 
[2024-04-21 21:27:19,999][INFO] [150/282] loss: 0.000284 cls_loss: 0.000284 loc_loss:0.000000 lr_backbone:0.000010time:1m 35s 
[2024-04-21 21:28:55,128][INFO] [200/282] loss: 0.000293 cls_loss: 0.000293 loc_loss:0.000000 lr_backbone:0.000010time:1m 35s 
[2024-04-21 21:30:30,128][INFO] [250/282] loss: 0.000271 cls_loss: 0.000271 loc_loss:0.000000 lr_backbone:0.000010time:1m 35s 
[2024-04-21 21:31:30,955][INFO] Epoch[1/100] Loss: 0.000281  lr_backbone:0.000010 time:8m 59s
[2024-04-21 21:31:30,956][INFO] Epoch 2/100
[2024-04-21 21:31:30,956][INFO] ------------------------------
[2024-04-21 21:33:07,934][INFO] [50/282] loss: 0.000279 cls_loss: 0.000279 loc_loss:0.000000 lr_backbone:0.000010time:1m 37s 
[2024-04-21 21:34:43,014][INFO] [100/282] loss: 0.000261 cls_loss: 0.000261 loc_loss:0.000000 lr_backbone:0.000010time:1m 35s 
[2024-04-21 21:36:17,869][INFO] [150/282] loss: 0.000285 cls_loss: 0.000285 loc_loss:0.000000 lr_backbone:0.000010time:1m 35s 
[2024-04-21 21:37:52,988][INFO] [200/282] loss: 0.000286 cls_loss: 0.000286 loc_loss:0.000000 lr_backbone:0.000010time:1m 35s 
[2024-04-21 21:39:27,925][INFO] [250/282] loss: 0.000272 cls_loss: 0.000272 loc_loss:0.000000 lr_backbone:0.000010time:1m 35s 
[2024-04-21 21:40:28,802][INFO] Epoch[2/100] Loss: 0.000275  lr_backbone:0.000010 time:17m 57s
[2024-04-21 21:40:28,803][INFO] Epoch 3/100
[2024-04-21 21:40:28,803][INFO] ------------------------------
[2024-04-21 21:42:05,892][INFO] [50/282] loss: 0.000265 cls_loss: 0.000265 loc_loss:0.000000 lr_backbone:0.000010time:1m 37s 
[2024-04-21 21:43:40,859][INFO] [100/282] loss: 0.000285 cls_loss: 0.000285 loc_loss:0.000000 lr_backbone:0.000010time:1m 35s 
[2024-04-21 21:45:15,832][INFO] [150/282] loss: 0.000282 cls_loss: 0.000282 loc_loss:0.000000 lr_backbone:0.000010time:1m 35s 
[2024-04-21 21:46:50,784][INFO] [200/282] loss: 0.000259 cls_loss: 0.000259 loc_loss:0.000000 lr_backbone:0.000010time:1m 35s 
[2024-04-21 21:48:25,803][INFO] [250/282] loss: 0.000271 cls_loss: 0.000271 loc_loss:0.000000 lr_backbone:0.000010time:1m 35s 
[2024-04-21 21:49:26,569][INFO] Epoch[3/100] Loss: 0.000272  lr_backbone:0.000010 time:26m 55s
[2024-04-21 21:49:26,569][INFO] Epoch 4/100
[2024-04-21 21:49:26,569][INFO] ------------------------------
[2024-04-21 21:51:03,635][INFO] [50/282] loss: 0.000262 cls_loss: 0.000262 loc_loss:0.000000 lr_backbone:0.000010time:1m 37s 
[2024-04-21 21:52:38,614][INFO] [100/282] loss: 0.000269 cls_loss: 0.000269 loc_loss:0.000000 lr_backbone:0.000010time:1m 35s 
[2024-04-21 21:54:13,636][INFO] [150/282] loss: 0.000279 cls_loss: 0.000279 loc_loss:0.000000 lr_backbone:0.000010time:1m 35s 
[2024-04-21 21:55:48,384][INFO] [200/282] loss: 0.000268 cls_loss: 0.000268 loc_loss:0.000000 lr_backbone:0.000010time:1m 35s 
[2024-04-21 21:57:23,490][INFO] [250/282] loss: 0.000264 cls_loss: 0.000264 loc_loss:0.000000 lr_backbone:0.000010time:1m 35s 
[2024-04-21 21:58:24,229][INFO] Epoch[4/100] Loss: 0.000269  lr_backbone:0.000010 time:35m 53s
[2024-04-21 21:58:24,229][INFO] Epoch 5/100
[2024-04-21 21:58:24,229][INFO] ------------------------------
[2024-04-21 22:00:01,500][INFO] [50/282] loss: 0.000256 cls_loss: 0.000256 loc_loss:0.000000 lr_backbone:0.000010time:1m 37s 
[2024-04-21 22:01:36,422][INFO] [100/282] loss: 0.000265 cls_loss: 0.000265 loc_loss:0.000000 lr_backbone:0.000010time:1m 35s 
[2024-04-21 22:03:11,199][INFO] [150/282] loss: 0.000267 cls_loss: 0.000267 loc_loss:0.000000 lr_backbone:0.000010time:1m 35s 
[2024-04-21 22:04:46,166][INFO] [200/282] loss: 0.000255 cls_loss: 0.000255 loc_loss:0.000000 lr_backbone:0.000010time:1m 35s 
[2024-04-21 22:06:21,089][INFO] [250/282] loss: 0.000273 cls_loss: 0.000273 loc_loss:0.000000 lr_backbone:0.000010time:1m 35s 
[2024-04-21 22:07:21,818][INFO] Epoch[5/100] Loss: 0.000269  lr_backbone:0.000010 time:44m 50s
[2024-04-21 22:37:48,149][INFO] original:3m:0.2441012441012441  5m:0.4567067067067067  10m:0.7467824967824968  20m:0.8781638781638782  30m:0.9014371514371514  40m:0.9113756613756614  50m:0.9197054197054197
[2024-04-21 22:37:48,150][INFO] time consume is 1826.33158826828
[2024-04-21 22:37:48,150][INFO] the final score is 0.8005927701112246
[2024-04-21 22:37:48,150][INFO] Epoch 6/100
[2024-04-21 22:37:48,150][INFO] ------------------------------
[2024-04-21 22:39:24,916][INFO] [50/282] loss: 0.000270 cls_loss: 0.000270 loc_loss:0.000000 lr_backbone:0.000010time:1m 37s 
[2024-04-21 22:40:59,809][INFO] [100/282] loss: 0.000261 cls_loss: 0.000261 loc_loss:0.000000 lr_backbone:0.000010time:1m 35s 
[2024-04-21 22:42:34,818][INFO] [150/282] loss: 0.000256 cls_loss: 0.000256 loc_loss:0.000000 lr_backbone:0.000010time:1m 35s 
[2024-04-21 22:44:09,577][INFO] [200/282] loss: 0.000249 cls_loss: 0.000249 loc_loss:0.000000 lr_backbone:0.000010time:1m 35s 
[2024-04-21 22:45:44,467][INFO] [250/282] loss: 0.000250 cls_loss: 0.000250 loc_loss:0.000000 lr_backbone:0.000010time:1m 35s 
[2024-04-21 22:46:45,303][INFO] Epoch[6/100] Loss: 0.000257  lr_backbone:0.000010 time:84m 14s
[2024-04-21 22:46:45,304][INFO] Epoch 7/100
[2024-04-21 22:46:45,304][INFO] ------------------------------
[2024-04-21 22:48:22,395][INFO] [50/282] loss: 0.000259 cls_loss: 0.000259 loc_loss:0.000000 lr_backbone:0.000010time:1m 37s 
[2024-04-21 22:49:57,201][INFO] [100/282] loss: 0.000244 cls_loss: 0.000244 loc_loss:0.000000 lr_backbone:0.000010time:1m 35s 
[2024-04-21 22:51:32,131][INFO] [150/282] loss: 0.000261 cls_loss: 0.000261 loc_loss:0.000000 lr_backbone:0.000010time:1m 35s 
[2024-04-21 22:53:07,144][INFO] [200/282] loss: 0.000259 cls_loss: 0.000259 loc_loss:0.000000 lr_backbone:0.000010time:1m 35s 
[2024-04-21 22:54:42,026][INFO] [250/282] loss: 0.000260 cls_loss: 0.000260 loc_loss:0.000000 lr_backbone:0.000010time:1m 35s 
[2024-04-21 22:55:42,800][INFO] Epoch[7/100] Loss: 0.000256  lr_backbone:0.000010 time:93m 11s
[2024-04-21 22:55:42,801][INFO] Epoch 8/100
[2024-04-21 22:55:42,801][INFO] ------------------------------
[2024-04-21 22:57:20,027][INFO] [50/282] loss: 0.000249 cls_loss: 0.000249 loc_loss:0.000000 lr_backbone:0.000010time:1m 37s 
[2024-04-21 22:58:55,077][INFO] [100/282] loss: 0.000257 cls_loss: 0.000257 loc_loss:0.000000 lr_backbone:0.000010time:1m 35s 
[2024-04-21 23:00:30,051][INFO] [150/282] loss: 0.000249 cls_loss: 0.000249 loc_loss:0.000000 lr_backbone:0.000010time:1m 35s 
[2024-04-21 23:02:05,188][INFO] [200/282] loss: 0.000261 cls_loss: 0.000261 loc_loss:0.000000 lr_backbone:0.000010time:1m 35s 
[2024-04-21 23:03:40,387][INFO] [250/282] loss: 0.000259 cls_loss: 0.000259 loc_loss:0.000000 lr_backbone:0.000010time:1m 35s 
[2024-04-21 23:04:41,313][INFO] Epoch[8/100] Loss: 0.000257  lr_backbone:0.000010 time:102m 10s
[2024-04-21 23:04:41,313][INFO] Epoch 9/100
[2024-04-21 23:04:41,314][INFO] ------------------------------
[2024-04-21 23:06:18,416][INFO] [50/282] loss: 0.000261 cls_loss: 0.000261 loc_loss:0.000000 lr_backbone:0.000010time:1m 37s 
[2024-04-21 23:07:53,237][INFO] [100/282] loss: 0.000265 cls_loss: 0.000265 loc_loss:0.000000 lr_backbone:0.000010time:1m 35s 
[2024-04-21 23:09:28,208][INFO] [150/282] loss: 0.000256 cls_loss: 0.000256 loc_loss:0.000000 lr_backbone:0.000010time:1m 35s 
[2024-04-21 23:11:03,241][INFO] [200/282] loss: 0.000263 cls_loss: 0.000263 loc_loss:0.000000 lr_backbone:0.000010time:1m 35s 
[2024-04-21 23:12:38,403][INFO] [250/282] loss: 0.000267 cls_loss: 0.000267 loc_loss:0.000000 lr_backbone:0.000010time:1m 35s 
[2024-04-21 23:13:39,336][INFO] Epoch[9/100] Loss: 0.000273  lr_backbone:0.000010 time:111m 8s
[2024-04-21 23:13:39,337][INFO] Epoch 10/100
[2024-04-21 23:13:39,337][INFO] ------------------------------
[2024-04-21 23:15:16,392][INFO] [50/282] loss: 0.000254 cls_loss: 0.000254 loc_loss:0.000000 lr_backbone:0.000010time:1m 37s 
[2024-04-21 23:16:51,454][INFO] [100/282] loss: 0.000249 cls_loss: 0.000249 loc_loss:0.000000 lr_backbone:0.000010time:1m 35s 
[2024-04-21 23:18:26,502][INFO] [150/282] loss: 0.000247 cls_loss: 0.000247 loc_loss:0.000000 lr_backbone:0.000010time:1m 35s 
[2024-04-21 23:20:01,755][INFO] [200/282] loss: 0.000272 cls_loss: 0.000272 loc_loss:0.000000 lr_backbone:0.000010time:1m 35s 
[2024-04-21 23:21:36,828][INFO] [250/282] loss: 0.000253 cls_loss: 0.000253 loc_loss:0.000000 lr_backbone:0.000010time:1m 35s 
[2024-04-21 23:22:37,708][INFO] Epoch[10/100] Loss: 0.000257  lr_backbone:0.000010 time:120m 6s
[2024-04-21 23:49:37,161][INFO] original:3m:0.2628700128700129  5m:0.47946160446160446  10m:0.767017017017017  20m:0.889943514943515  30m:0.9103746603746604  40m:0.9193657943657944  50m:0.9268196768196768
[2024-04-21 23:49:37,162][INFO] time consume is 1619.111517906189
[2024-04-21 23:49:37,163][INFO] the final score is 0.8207772936085496
[2024-04-21 23:49:37,163][INFO] Epoch 11/100
[2024-04-21 23:49:37,163][INFO] ------------------------------
[2024-04-21 23:51:14,016][INFO] [50/282] loss: 0.000244 cls_loss: 0.000244 loc_loss:0.000000 lr_backbone:0.000010time:1m 37s 
[2024-04-21 23:52:48,875][INFO] [100/282] loss: 0.000248 cls_loss: 0.000248 loc_loss:0.000000 lr_backbone:0.000010time:1m 35s 
[2024-04-21 23:54:23,807][INFO] [150/282] loss: 0.000262 cls_loss: 0.000262 loc_loss:0.000000 lr_backbone:0.000010time:1m 35s 
[2024-04-21 23:55:58,522][INFO] [200/282] loss: 0.000245 cls_loss: 0.000245 loc_loss:0.000000 lr_backbone:0.000010time:1m 35s 
[2024-04-21 23:57:33,376][INFO] [250/282] loss: 0.000257 cls_loss: 0.000257 loc_loss:0.000000 lr_backbone:0.000010time:1m 35s 
[2024-04-21 23:58:34,007][INFO] Epoch[11/100] Loss: 0.000250  lr_backbone:0.000010 time:156m 2s
[2024-04-21 23:58:34,008][INFO] Epoch 12/100
[2024-04-21 23:58:34,008][INFO] ------------------------------
[2024-04-22 00:00:10,887][INFO] [50/282] loss: 0.000254 cls_loss: 0.000254 loc_loss:0.000000 lr_backbone:0.000010time:1m 37s 
[2024-04-22 00:01:45,989][INFO] [100/282] loss: 0.000247 cls_loss: 0.000247 loc_loss:0.000000 lr_backbone:0.000010time:1m 35s 
[2024-04-22 00:03:20,934][INFO] [150/282] loss: 0.000296 cls_loss: 0.000296 loc_loss:0.000000 lr_backbone:0.000010time:1m 35s 
[2024-04-22 00:04:55,910][INFO] [200/282] loss: 0.000244 cls_loss: 0.000244 loc_loss:0.000000 lr_backbone:0.000010time:1m 35s 
[2024-04-22 00:06:30,956][INFO] [250/282] loss: 0.000251 cls_loss: 0.000251 loc_loss:0.000000 lr_backbone:0.000010time:1m 35s 
[2024-04-22 00:07:31,685][INFO] Epoch[12/100] Loss: 0.000257  lr_backbone:0.000010 time:165m 0s
[2024-04-22 00:07:31,686][INFO] Epoch 13/100
[2024-04-22 00:07:31,686][INFO] ------------------------------
[2024-04-22 00:09:08,862][INFO] [50/282] loss: 0.000252 cls_loss: 0.000252 loc_loss:0.000000 lr_backbone:0.000010time:1m 37s 
[2024-04-22 00:10:43,647][INFO] [100/282] loss: 0.000245 cls_loss: 0.000245 loc_loss:0.000000 lr_backbone:0.000010time:1m 35s 
[2024-04-22 00:12:18,727][INFO] [150/282] loss: 0.000241 cls_loss: 0.000241 loc_loss:0.000000 lr_backbone:0.000010time:1m 35s 
[2024-04-22 00:13:53,499][INFO] [200/282] loss: 0.000264 cls_loss: 0.000264 loc_loss:0.000000 lr_backbone:0.000010time:1m 35s 
[2024-04-22 00:15:28,478][INFO] [250/282] loss: 0.000248 cls_loss: 0.000248 loc_loss:0.000000 lr_backbone:0.000010time:1m 35s 
[2024-04-22 00:16:29,208][INFO] Epoch[13/100] Loss: 0.000251  lr_backbone:0.000010 time:173m 58s
[2024-04-22 00:16:29,209][INFO] Epoch 14/100
[2024-04-22 00:16:29,209][INFO] ------------------------------
[2024-04-22 00:18:05,996][INFO] [50/282] loss: 0.000234 cls_loss: 0.000234 loc_loss:0.000000 lr_backbone:0.000010time:1m 37s 
[2024-04-22 00:19:40,704][INFO] [100/282] loss: 0.000239 cls_loss: 0.000239 loc_loss:0.000000 lr_backbone:0.000010time:1m 35s 
[2024-04-22 00:21:15,686][INFO] [150/282] loss: 0.000255 cls_loss: 0.000255 loc_loss:0.000000 lr_backbone:0.000010time:1m 35s 
[2024-04-22 00:22:50,561][INFO] [200/282] loss: 0.000250 cls_loss: 0.000250 loc_loss:0.000000 lr_backbone:0.000010time:1m 35s 
[2024-04-22 00:24:25,408][INFO] [250/282] loss: 0.000245 cls_loss: 0.000245 loc_loss:0.000000 lr_backbone:0.000010time:1m 35s 
[2024-04-22 00:25:26,277][INFO] Epoch[14/100] Loss: 0.000243  lr_backbone:0.000010 time:182m 55s
[2024-04-22 00:25:26,278][INFO] Epoch 15/100
[2024-04-22 00:25:26,278][INFO] ------------------------------
[2024-04-22 00:27:03,273][INFO] [50/282] loss: 0.000249 cls_loss: 0.000249 loc_loss:0.000000 lr_backbone:0.000010time:1m 37s 
[2024-04-22 00:28:38,104][INFO] [100/282] loss: 0.000244 cls_loss: 0.000244 loc_loss:0.000000 lr_backbone:0.000010time:1m 35s 
[2024-04-22 00:30:12,974][INFO] [150/282] loss: 0.000231 cls_loss: 0.000231 loc_loss:0.000000 lr_backbone:0.000010time:1m 35s 
[2024-04-22 00:31:47,746][INFO] [200/282] loss: 0.000254 cls_loss: 0.000254 loc_loss:0.000000 lr_backbone:0.000010time:1m 35s 
[2024-04-22 00:33:22,725][INFO] [250/282] loss: 0.000250 cls_loss: 0.000250 loc_loss:0.000000 lr_backbone:0.000010time:1m 35s 
[2024-04-22 00:34:23,378][INFO] Epoch[15/100] Loss: 0.000246  lr_backbone:0.000010 time:191m 52s
[2024-04-22 01:00:56,792][INFO] original:3m:0.2687926021259355  5m:0.4854854854854855  10m:0.7725821059154393  20m:0.8935602268935602  30m:0.9136159969493303  40m:0.9222198388865056  50m:0.9293221793221793
[2024-04-22 01:00:56,793][INFO] time consume is 1593.0574932098389
[2024-04-22 01:00:56,793][INFO] the final score is 0.8198889433244679
[2024-04-22 01:00:56,793][INFO] Epoch 16/100
[2024-04-22 01:00:56,793][INFO] ------------------------------
[2024-04-22 01:02:33,733][INFO] [50/282] loss: 0.000243 cls_loss: 0.000243 loc_loss:0.000000 lr_backbone:0.000010time:1m 37s 
[2024-04-22 01:04:08,645][INFO] [100/282] loss: 0.000251 cls_loss: 0.000251 loc_loss:0.000000 lr_backbone:0.000010time:1m 35s 
[2024-04-22 01:05:43,716][INFO] [150/282] loss: 0.000244 cls_loss: 0.000244 loc_loss:0.000000 lr_backbone:0.000010time:1m 35s 
[2024-04-22 01:07:18,579][INFO] [200/282] loss: 0.000254 cls_loss: 0.000254 loc_loss:0.000000 lr_backbone:0.000010time:1m 35s 
[2024-04-22 01:08:53,411][INFO] [250/282] loss: 0.000276 cls_loss: 0.000276 loc_loss:0.000000 lr_backbone:0.000010time:1m 35s 
[2024-04-22 01:09:54,250][INFO] Epoch[16/100] Loss: 0.000251  lr_backbone:0.000010 time:227m 23s
[2024-04-22 01:09:54,250][INFO] Epoch 17/100
[2024-04-22 01:09:54,250][INFO] ------------------------------
[2024-04-22 01:11:31,172][INFO] [50/282] loss: 0.000240 cls_loss: 0.000240 loc_loss:0.000000 lr_backbone:0.000010time:1m 37s 
[2024-04-22 01:13:06,384][INFO] [100/282] loss: 0.000230 cls_loss: 0.000230 loc_loss:0.000000 lr_backbone:0.000010time:1m 35s 
[2024-04-22 01:14:41,556][INFO] [150/282] loss: 0.000249 cls_loss: 0.000249 loc_loss:0.000000 lr_backbone:0.000010time:1m 35s 
[2024-04-22 01:16:16,546][INFO] [200/282] loss: 0.000250 cls_loss: 0.000250 loc_loss:0.000000 lr_backbone:0.000010time:1m 35s 
[2024-04-22 01:17:51,427][INFO] [250/282] loss: 0.000233 cls_loss: 0.000233 loc_loss:0.000000 lr_backbone:0.000010time:1m 35s 
[2024-04-22 01:18:52,237][INFO] Epoch[17/100] Loss: 0.000243  lr_backbone:0.000010 time:236m 21s
[2024-04-22 01:18:52,238][INFO] Epoch 18/100
[2024-04-22 01:18:52,238][INFO] ------------------------------
[2024-04-22 01:20:29,477][INFO] [50/282] loss: 0.000242 cls_loss: 0.000242 loc_loss:0.000000 lr_backbone:0.000010time:1m 37s 
[2024-04-22 01:22:04,361][INFO] [100/282] loss: 0.000252 cls_loss: 0.000252 loc_loss:0.000000 lr_backbone:0.000010time:1m 35s 
[2024-04-22 01:23:39,300][INFO] [150/282] loss: 0.000255 cls_loss: 0.000255 loc_loss:0.000000 lr_backbone:0.000010time:1m 35s 
[2024-04-22 01:25:14,240][INFO] [200/282] loss: 0.000238 cls_loss: 0.000238 loc_loss:0.000000 lr_backbone:0.000010time:1m 35s 
[2024-04-22 01:26:49,227][INFO] [250/282] loss: 0.000249 cls_loss: 0.000249 loc_loss:0.000000 lr_backbone:0.000010time:1m 35s 
[2024-04-22 01:27:50,019][INFO] Epoch[18/100] Loss: 0.000248  lr_backbone:0.000010 time:245m 18s
[2024-04-22 01:27:50,020][INFO] Epoch 19/100
[2024-04-22 01:27:50,020][INFO] ------------------------------
[2024-04-22 01:29:27,190][INFO] [50/282] loss: 0.000242 cls_loss: 0.000242 loc_loss:0.000000 lr_backbone:0.000010time:1m 37s 
[2024-04-22 01:31:02,164][INFO] [100/282] loss: 0.000234 cls_loss: 0.000234 loc_loss:0.000000 lr_backbone:0.000010time:1m 35s 
[2024-04-22 01:32:37,235][INFO] [150/282] loss: 0.000254 cls_loss: 0.000254 loc_loss:0.000000 lr_backbone:0.000010time:1m 35s 
[2024-04-22 01:34:12,242][INFO] [200/282] loss: 0.000239 cls_loss: 0.000239 loc_loss:0.000000 lr_backbone:0.000010time:1m 35s 
[2024-04-22 01:35:47,154][INFO] [250/282] loss: 0.000243 cls_loss: 0.000243 loc_loss:0.000000 lr_backbone:0.000010time:1m 35s 
[2024-04-22 01:36:47,821][INFO] Epoch[19/100] Loss: 0.000243  lr_backbone:0.000010 time:254m 16s
[2024-04-22 01:36:47,822][INFO] Epoch 20/100
[2024-04-22 01:36:47,822][INFO] ------------------------------
[2024-04-22 01:38:25,139][INFO] [50/282] loss: 0.000242 cls_loss: 0.000242 loc_loss:0.000000 lr_backbone:0.000010time:1m 37s 
[2024-04-22 01:40:00,162][INFO] [100/282] loss: 0.000233 cls_loss: 0.000233 loc_loss:0.000000 lr_backbone:0.000010time:1m 35s 
[2024-04-22 01:41:35,068][INFO] [150/282] loss: 0.000235 cls_loss: 0.000235 loc_loss:0.000000 lr_backbone:0.000010time:1m 35s 
[2024-04-22 01:43:10,065][INFO] [200/282] loss: 0.000248 cls_loss: 0.000248 loc_loss:0.000000 lr_backbone:0.000010time:1m 35s 
[2024-04-22 01:44:44,980][INFO] [250/282] loss: 0.000247 cls_loss: 0.000247 loc_loss:0.000000 lr_backbone:0.000010time:1m 35s 
[2024-04-22 01:45:45,715][INFO] Epoch[20/100] Loss: 0.000239  lr_backbone:0.000010 time:263m 14s
[2024-04-22 02:12:52,454][INFO] original:3m:0.27325539825539824  5m:0.49004361504361504  10m:0.7767142142142142  20m:0.8964500214500214  30m:0.9158265408265408  40m:0.9241652366652366  50m:0.9311096811096811
[2024-04-22 02:12:52,455][INFO] time consume is 1626.4370284080505
[2024-04-22 02:12:52,455][INFO] the final score is 0.8227344528424924
[2024-04-22 02:12:52,455][INFO] Epoch 21/100
[2024-04-22 02:12:52,455][INFO] ------------------------------
[2024-04-22 02:14:29,432][INFO] [50/282] loss: 0.000231 cls_loss: 0.000231 loc_loss:0.000000 lr_backbone:0.000010time:1m 37s 
[2024-04-22 02:16:04,160][INFO] [100/282] loss: 0.000250 cls_loss: 0.000250 loc_loss:0.000000 lr_backbone:0.000010time:1m 35s 
[2024-04-22 02:17:39,008][INFO] [150/282] loss: 0.000234 cls_loss: 0.000234 loc_loss:0.000000 lr_backbone:0.000010time:1m 35s 
[2024-04-22 02:19:13,865][INFO] [200/282] loss: 0.000272 cls_loss: 0.000272 loc_loss:0.000000 lr_backbone:0.000010time:1m 35s 
[2024-04-22 02:20:48,656][INFO] [250/282] loss: 0.000235 cls_loss: 0.000235 loc_loss:0.000000 lr_backbone:0.000010time:1m 35s 
[2024-04-22 02:21:49,367][INFO] Epoch[21/100] Loss: 0.000242  lr_backbone:0.000010 time:299m 18s
[2024-04-22 02:21:49,367][INFO] Epoch 22/100
[2024-04-22 02:21:49,368][INFO] ------------------------------
[2024-04-22 02:23:26,613][INFO] [50/282] loss: 0.000239 cls_loss: 0.000239 loc_loss:0.000000 lr_backbone:0.000009time:1m 37s 
[2024-04-22 02:25:01,586][INFO] [100/282] loss: 0.000249 cls_loss: 0.000249 loc_loss:0.000000 lr_backbone:0.000009time:1m 35s 
[2024-04-22 02:26:36,294][INFO] [150/282] loss: 0.000241 cls_loss: 0.000241 loc_loss:0.000000 lr_backbone:0.000009time:1m 35s 
[2024-04-22 02:28:11,207][INFO] [200/282] loss: 0.000249 cls_loss: 0.000249 loc_loss:0.000000 lr_backbone:0.000009time:1m 35s 
[2024-04-22 02:29:45,963][INFO] [250/282] loss: 0.000232 cls_loss: 0.000232 loc_loss:0.000000 lr_backbone:0.000009time:1m 35s 
[2024-04-22 02:30:46,643][INFO] Epoch[22/100] Loss: 0.000242  lr_backbone:0.000009 time:308m 15s
[2024-04-22 02:30:46,644][INFO] Epoch 23/100
[2024-04-22 02:30:46,644][INFO] ------------------------------
[2024-04-22 02:32:23,714][INFO] [50/282] loss: 0.000232 cls_loss: 0.000232 loc_loss:0.000000 lr_backbone:0.000009time:1m 37s 
[2024-04-22 02:33:58,727][INFO] [100/282] loss: 0.000274 cls_loss: 0.000274 loc_loss:0.000000 lr_backbone:0.000009time:1m 35s 
[2024-04-22 02:35:33,498][INFO] [150/282] loss: 0.000240 cls_loss: 0.000240 loc_loss:0.000000 lr_backbone:0.000009time:1m 35s 
[2024-04-22 02:37:08,361][INFO] [200/282] loss: 0.000247 cls_loss: 0.000247 loc_loss:0.000000 lr_backbone:0.000009time:1m 35s 
[2024-04-22 02:38:43,096][INFO] [250/282] loss: 0.000244 cls_loss: 0.000244 loc_loss:0.000000 lr_backbone:0.000009time:1m 35s 
[2024-04-22 02:39:43,942][INFO] Epoch[23/100] Loss: 0.000245  lr_backbone:0.000009 time:317m 12s
[2024-04-22 02:39:43,943][INFO] Epoch 24/100
[2024-04-22 02:39:43,943][INFO] ------------------------------
[2024-04-22 02:41:20,824][INFO] [50/282] loss: 0.000246 cls_loss: 0.000246 loc_loss:0.000000 lr_backbone:0.000009time:1m 37s 
[2024-04-22 02:42:55,643][INFO] [100/282] loss: 0.000238 cls_loss: 0.000238 loc_loss:0.000000 lr_backbone:0.000009time:1m 35s 
[2024-04-22 02:44:30,618][INFO] [150/282] loss: 0.000224 cls_loss: 0.000224 loc_loss:0.000000 lr_backbone:0.000009time:1m 35s 
[2024-04-22 02:46:05,451][INFO] [200/282] loss: 0.000234 cls_loss: 0.000234 loc_loss:0.000000 lr_backbone:0.000009time:1m 35s 
[2024-04-22 02:47:40,258][INFO] [250/282] loss: 0.000230 cls_loss: 0.000230 loc_loss:0.000000 lr_backbone:0.000009time:1m 35s 
[2024-04-22 02:48:41,075][INFO] Epoch[24/100] Loss: 0.000235  lr_backbone:0.000009 time:326m 9s
[2024-04-22 02:48:41,075][INFO] Epoch 25/100
[2024-04-22 02:48:41,075][INFO] ------------------------------
[2024-04-22 02:50:18,262][INFO] [50/282] loss: 0.000235 cls_loss: 0.000235 loc_loss:0.000000 lr_backbone:0.000009time:1m 37s 
[2024-04-22 02:51:53,230][INFO] [100/282] loss: 0.000235 cls_loss: 0.000235 loc_loss:0.000000 lr_backbone:0.000009time:1m 35s 
[2024-04-22 02:53:28,145][INFO] [150/282] loss: 0.000236 cls_loss: 0.000236 loc_loss:0.000000 lr_backbone:0.000009time:1m 35s 
[2024-04-22 02:55:02,985][INFO] [200/282] loss: 0.000240 cls_loss: 0.000240 loc_loss:0.000000 lr_backbone:0.000009time:1m 35s 
[2024-04-22 02:56:37,955][INFO] [250/282] loss: 0.000254 cls_loss: 0.000254 loc_loss:0.000000 lr_backbone:0.000009time:1m 35s 
[2024-04-22 02:57:38,592][INFO] Epoch[25/100] Loss: 0.000239  lr_backbone:0.000009 time:335m 7s
[2024-04-22 03:25:13,732][INFO] original:3m:0.2742027742027742  5m:0.4905691405691406  10m:0.7777706277706278  20m:0.8971614471614472  30m:0.9167882167882168  40m:0.9251179751179751  50m:0.9318961818961818
[2024-04-22 03:25:13,733][INFO] time consume is 1654.8171055316925
[2024-04-22 03:25:13,733][INFO] the final score is 0.8195493923003644
[2024-04-22 03:25:13,733][INFO] Epoch 26/100
[2024-04-22 03:25:13,733][INFO] ------------------------------
[2024-04-22 03:26:50,568][INFO] [50/282] loss: 0.000237 cls_loss: 0.000237 loc_loss:0.000000 lr_backbone:0.000009time:1m 37s 
[2024-04-22 03:28:25,493][INFO] [100/282] loss: 0.000241 cls_loss: 0.000241 loc_loss:0.000000 lr_backbone:0.000009time:1m 35s 
[2024-04-22 03:30:00,362][INFO] [150/282] loss: 0.000235 cls_loss: 0.000235 loc_loss:0.000000 lr_backbone:0.000009time:1m 35s 
[2024-04-22 03:31:35,370][INFO] [200/282] loss: 0.000252 cls_loss: 0.000252 loc_loss:0.000000 lr_backbone:0.000009time:1m 35s 
[2024-04-22 03:33:10,438][INFO] [250/282] loss: 0.000228 cls_loss: 0.000228 loc_loss:0.000000 lr_backbone:0.000009time:1m 35s 
[2024-04-22 03:34:11,161][INFO] Epoch[26/100] Loss: 0.000241  lr_backbone:0.000009 time:371m 40s
[2024-04-22 03:34:11,161][INFO] Epoch 27/100
[2024-04-22 03:34:11,161][INFO] ------------------------------
[2024-04-22 03:35:48,080][INFO] [50/282] loss: 0.000253 cls_loss: 0.000253 loc_loss:0.000000 lr_backbone:0.000009time:1m 37s 
[2024-04-22 03:37:22,866][INFO] [100/282] loss: 0.000237 cls_loss: 0.000237 loc_loss:0.000000 lr_backbone:0.000009time:1m 35s 
[2024-04-22 03:38:57,726][INFO] [150/282] loss: 0.000249 cls_loss: 0.000249 loc_loss:0.000000 lr_backbone:0.000009time:1m 35s 
[2024-04-22 03:40:32,710][INFO] [200/282] loss: 0.000228 cls_loss: 0.000228 loc_loss:0.000000 lr_backbone:0.000009time:1m 35s 
[2024-04-22 03:42:07,566][INFO] [250/282] loss: 0.000235 cls_loss: 0.000235 loc_loss:0.000000 lr_backbone:0.000009time:1m 35s 
[2024-04-22 03:43:08,455][INFO] Epoch[27/100] Loss: 0.000238  lr_backbone:0.000009 time:380m 37s
[2024-04-22 03:43:08,455][INFO] Epoch 28/100
[2024-04-22 03:43:08,455][INFO] ------------------------------
[2024-04-22 03:44:45,552][INFO] [50/282] loss: 0.000218 cls_loss: 0.000218 loc_loss:0.000000 lr_backbone:0.000009time:1m 37s 
[2024-04-22 03:46:20,670][INFO] [100/282] loss: 0.000230 cls_loss: 0.000230 loc_loss:0.000000 lr_backbone:0.000009time:1m 35s 
[2024-04-22 03:47:55,851][INFO] [150/282] loss: 0.000236 cls_loss: 0.000236 loc_loss:0.000000 lr_backbone:0.000009time:1m 35s 
[2024-04-22 03:49:30,847][INFO] [200/282] loss: 0.000230 cls_loss: 0.000230 loc_loss:0.000000 lr_backbone:0.000009time:1m 35s 
[2024-04-22 03:51:05,833][INFO] [250/282] loss: 0.000224 cls_loss: 0.000224 loc_loss:0.000000 lr_backbone:0.000009time:1m 35s 
[2024-04-22 03:52:06,663][INFO] Epoch[28/100] Loss: 0.000229  lr_backbone:0.000009 time:389m 35s
[2024-04-22 03:52:06,664][INFO] Epoch 29/100
[2024-04-22 03:52:06,664][INFO] ------------------------------
[2024-04-22 03:53:43,563][INFO] [50/282] loss: 0.000228 cls_loss: 0.000228 loc_loss:0.000000 lr_backbone:0.000009time:1m 37s 
[2024-04-22 03:55:18,828][INFO] [100/282] loss: 0.000228 cls_loss: 0.000228 loc_loss:0.000000 lr_backbone:0.000009time:1m 35s 
[2024-04-22 03:56:53,700][INFO] [150/282] loss: 0.000235 cls_loss: 0.000235 loc_loss:0.000000 lr_backbone:0.000009time:1m 35s 
[2024-04-22 03:58:28,587][INFO] [200/282] loss: 0.000245 cls_loss: 0.000245 loc_loss:0.000000 lr_backbone:0.000009time:1m 35s 
[2024-04-22 04:00:03,434][INFO] [250/282] loss: 0.000235 cls_loss: 0.000235 loc_loss:0.000000 lr_backbone:0.000009time:1m 35s 
[2024-04-22 04:01:04,228][INFO] Epoch[29/100] Loss: 0.000236  lr_backbone:0.000009 time:398m 33s
[2024-04-22 04:01:04,229][INFO] Epoch 30/100
[2024-04-22 04:01:04,229][INFO] ------------------------------
[2024-04-22 04:02:41,445][INFO] [50/282] loss: 0.000254 cls_loss: 0.000254 loc_loss:0.000000 lr_backbone:0.000009time:1m 37s 
[2024-04-22 04:04:16,413][INFO] [100/282] loss: 0.000232 cls_loss: 0.000232 loc_loss:0.000000 lr_backbone:0.000009time:1m 35s 
[2024-04-22 04:05:51,460][INFO] [150/282] loss: 0.000231 cls_loss: 0.000231 loc_loss:0.000000 lr_backbone:0.000009time:1m 35s 
[2024-04-22 04:07:26,395][INFO] [200/282] loss: 0.000222 cls_loss: 0.000222 loc_loss:0.000000 lr_backbone:0.000009time:1m 35s 
[2024-04-22 04:09:01,234][INFO] [250/282] loss: 0.000257 cls_loss: 0.000257 loc_loss:0.000000 lr_backbone:0.000009time:1m 35s 
[2024-04-22 04:10:01,967][INFO] Epoch[30/100] Loss: 0.000238  lr_backbone:0.000009 time:407m 30s
[2024-04-22 04:37:37,850][INFO] original:3m:0.27367248200581534  5m:0.4895073645073645  10m:0.7766218599551933  20m:0.8967538967538967  30m:0.9168037084703752  40m:0.9252288002288003  50m:0.9320272653605987
[2024-04-22 04:37:37,851][INFO] time consume is 1655.5429894924164
[2024-04-22 04:37:37,851][INFO] the final score is 0.8152561550154498
[2024-04-22 04:37:37,851][INFO] Epoch 31/100
[2024-04-22 04:37:37,851][INFO] ------------------------------
[2024-04-22 04:39:14,914][INFO] [50/282] loss: 0.000236 cls_loss: 0.000236 loc_loss:0.000000 lr_backbone:0.000009time:1m 37s 
[2024-04-22 04:40:49,650][INFO] [100/282] loss: 0.000227 cls_loss: 0.000227 loc_loss:0.000000 lr_backbone:0.000009time:1m 35s 
[2024-04-22 04:42:24,434][INFO] [150/282] loss: 0.000233 cls_loss: 0.000233 loc_loss:0.000000 lr_backbone:0.000009time:1m 35s 
[2024-04-22 04:43:59,088][INFO] [200/282] loss: 0.000222 cls_loss: 0.000222 loc_loss:0.000000 lr_backbone:0.000009time:1m 35s 
[2024-04-22 04:45:33,858][INFO] [250/282] loss: 0.000230 cls_loss: 0.000230 loc_loss:0.000000 lr_backbone:0.000009time:1m 35s 
[2024-04-22 04:46:34,371][INFO] Epoch[31/100] Loss: 0.000228  lr_backbone:0.000009 time:444m 3s
[2024-04-22 04:46:34,372][INFO] Epoch 32/100
[2024-04-22 04:46:34,372][INFO] ------------------------------
[2024-04-22 04:48:11,255][INFO] [50/282] loss: 0.000229 cls_loss: 0.000229 loc_loss:0.000000 lr_backbone:0.000009time:1m 37s 
[2024-04-22 04:49:45,976][INFO] [100/282] loss: 0.000232 cls_loss: 0.000232 loc_loss:0.000000 lr_backbone:0.000009time:1m 35s 
[2024-04-22 04:51:20,617][INFO] [150/282] loss: 0.000240 cls_loss: 0.000240 loc_loss:0.000000 lr_backbone:0.000009time:1m 35s 
[2024-04-22 04:52:55,298][INFO] [200/282] loss: 0.000235 cls_loss: 0.000235 loc_loss:0.000000 lr_backbone:0.000009time:1m 35s 
[2024-04-22 04:54:30,049][INFO] [250/282] loss: 0.000226 cls_loss: 0.000226 loc_loss:0.000000 lr_backbone:0.000009time:1m 35s 
[2024-04-22 04:55:30,757][INFO] Epoch[32/100] Loss: 0.000233  lr_backbone:0.000009 time:452m 59s
[2024-04-22 04:55:30,758][INFO] Epoch 33/100
[2024-04-22 04:55:30,758][INFO] ------------------------------
[2024-04-22 04:57:07,921][INFO] [50/282] loss: 0.000235 cls_loss: 0.000235 loc_loss:0.000000 lr_backbone:0.000009time:1m 37s 
[2024-04-22 04:58:42,644][INFO] [100/282] loss: 0.000226 cls_loss: 0.000226 loc_loss:0.000000 lr_backbone:0.000009time:1m 35s 
[2024-04-22 05:00:17,264][INFO] [150/282] loss: 0.000223 cls_loss: 0.000223 loc_loss:0.000000 lr_backbone:0.000009time:1m 35s 
[2024-04-22 05:01:51,974][INFO] [200/282] loss: 0.000219 cls_loss: 0.000219 loc_loss:0.000000 lr_backbone:0.000009time:1m 35s 
[2024-04-22 05:03:26,775][INFO] [250/282] loss: 0.000231 cls_loss: 0.000231 loc_loss:0.000000 lr_backbone:0.000009time:1m 35s 
[2024-04-22 05:04:27,507][INFO] Epoch[33/100] Loss: 0.000228  lr_backbone:0.000009 time:461m 56s
[2024-04-22 05:04:27,508][INFO] Epoch 34/100
[2024-04-22 05:04:27,508][INFO] ------------------------------
[2024-04-22 05:06:04,537][INFO] [50/282] loss: 0.000227 cls_loss: 0.000227 loc_loss:0.000000 lr_backbone:0.000009time:1m 37s 
[2024-04-22 05:07:39,183][INFO] [100/282] loss: 0.000240 cls_loss: 0.000240 loc_loss:0.000000 lr_backbone:0.000009time:1m 35s 
[2024-04-22 05:09:13,834][INFO] [150/282] loss: 0.000227 cls_loss: 0.000227 loc_loss:0.000000 lr_backbone:0.000009time:1m 35s 
[2024-04-22 05:10:48,603][INFO] [200/282] loss: 0.000230 cls_loss: 0.000230 loc_loss:0.000000 lr_backbone:0.000009time:1m 35s 
[2024-04-22 05:12:23,311][INFO] [250/282] loss: 0.000226 cls_loss: 0.000226 loc_loss:0.000000 lr_backbone:0.000009time:1m 35s 
[2024-04-22 05:13:23,849][INFO] Epoch[34/100] Loss: 0.000229  lr_backbone:0.000009 time:470m 52s
[2024-04-22 05:13:23,850][INFO] Epoch 35/100
[2024-04-22 05:13:23,850][INFO] ------------------------------
[2024-04-22 05:15:00,873][INFO] [50/282] loss: 0.000237 cls_loss: 0.000237 loc_loss:0.000000 lr_backbone:0.000009time:1m 37s 
[2024-04-22 05:16:35,559][INFO] [100/282] loss: 0.000215 cls_loss: 0.000215 loc_loss:0.000000 lr_backbone:0.000009time:1m 35s 
[2024-04-22 05:18:10,339][INFO] [150/282] loss: 0.000233 cls_loss: 0.000233 loc_loss:0.000000 lr_backbone:0.000009time:1m 35s 
[2024-04-22 05:19:44,824][INFO] [200/282] loss: 0.000230 cls_loss: 0.000230 loc_loss:0.000000 lr_backbone:0.000009time:1m 34s 
[2024-04-22 05:21:19,261][INFO] [250/282] loss: 0.000237 cls_loss: 0.000237 loc_loss:0.000000 lr_backbone:0.000009time:1m 34s 
[2024-04-22 05:22:19,920][INFO] Epoch[35/100] Loss: 0.000230  lr_backbone:0.000009 time:479m 48s
[2024-04-22 05:50:02,583][INFO] original:3m:0.2738554881412024  5m:0.4899184899184899  10m:0.7771036342464914  20m:0.8971318257032542  30m:0.9172999530142387  40m:0.9256552470838185  50m:0.9323915752487181
[2024-04-22 05:50:02,584][INFO] time consume is 1662.321355342865
[2024-04-22 05:50:02,584][INFO] the final score is 0.8186270343258715
[2024-04-22 05:50:02,584][INFO] Epoch 36/100
[2024-04-22 05:50:02,584][INFO] ------------------------------
[2024-04-22 05:51:39,541][INFO] [50/282] loss: 0.000223 cls_loss: 0.000223 loc_loss:0.000000 lr_backbone:0.000009time:1m 37s 
[2024-04-22 05:53:14,199][INFO] [100/282] loss: 0.000218 cls_loss: 0.000218 loc_loss:0.000000 lr_backbone:0.000009time:1m 35s 
[2024-04-22 05:54:48,982][INFO] [150/282] loss: 0.000218 cls_loss: 0.000218 loc_loss:0.000000 lr_backbone:0.000009time:1m 35s 
[2024-04-22 05:56:23,802][INFO] [200/282] loss: 0.000222 cls_loss: 0.000222 loc_loss:0.000000 lr_backbone:0.000009time:1m 35s 
[2024-04-22 05:57:58,643][INFO] [250/282] loss: 0.000226 cls_loss: 0.000226 loc_loss:0.000000 lr_backbone:0.000009time:1m 35s 
[2024-04-22 05:58:59,314][INFO] Epoch[36/100] Loss: 0.000228  lr_backbone:0.000009 time:516m 28s
[2024-04-22 05:58:59,314][INFO] Epoch 37/100
[2024-04-22 05:58:59,314][INFO] ------------------------------
[2024-04-22 06:00:36,160][INFO] [50/282] loss: 0.000224 cls_loss: 0.000224 loc_loss:0.000000 lr_backbone:0.000009time:1m 37s 
[2024-04-22 06:02:10,928][INFO] [100/282] loss: 0.000231 cls_loss: 0.000231 loc_loss:0.000000 lr_backbone:0.000009time:1m 35s 
[2024-04-22 06:03:45,681][INFO] [150/282] loss: 0.000231 cls_loss: 0.000231 loc_loss:0.000000 lr_backbone:0.000009time:1m 35s 
[2024-04-22 06:05:20,389][INFO] [200/282] loss: 0.000241 cls_loss: 0.000241 loc_loss:0.000000 lr_backbone:0.000009time:1m 35s 
[2024-04-22 06:06:55,095][INFO] [250/282] loss: 0.000249 cls_loss: 0.000249 loc_loss:0.000000 lr_backbone:0.000009time:1m 35s 
[2024-04-22 06:07:55,649][INFO] Epoch[37/100] Loss: 0.000237  lr_backbone:0.000009 time:525m 24s
[2024-04-22 06:07:55,649][INFO] Epoch 38/100
[2024-04-22 06:07:55,649][INFO] ------------------------------
[2024-04-22 06:09:32,644][INFO] [50/282] loss: 0.000236 cls_loss: 0.000236 loc_loss:0.000000 lr_backbone:0.000008time:1m 37s 
[2024-04-22 06:11:07,450][INFO] [100/282] loss: 0.000235 cls_loss: 0.000235 loc_loss:0.000000 lr_backbone:0.000008time:1m 35s 
[2024-04-22 06:12:42,270][INFO] [150/282] loss: 0.000231 cls_loss: 0.000231 loc_loss:0.000000 lr_backbone:0.000008time:1m 35s 
[2024-04-22 06:14:17,303][INFO] [200/282] loss: 0.000223 cls_loss: 0.000223 loc_loss:0.000000 lr_backbone:0.000008time:1m 35s 
[2024-04-22 06:15:52,242][INFO] [250/282] loss: 0.000227 cls_loss: 0.000227 loc_loss:0.000000 lr_backbone:0.000008time:1m 35s 
[2024-04-22 06:16:53,005][INFO] Epoch[38/100] Loss: 0.000230  lr_backbone:0.000008 time:534m 21s
[2024-04-22 06:16:53,006][INFO] Epoch 39/100
[2024-04-22 06:16:53,006][INFO] ------------------------------
[2024-04-22 06:18:30,038][INFO] [50/282] loss: 0.000225 cls_loss: 0.000225 loc_loss:0.000000 lr_backbone:0.000008time:1m 37s 
[2024-04-22 06:20:04,926][INFO] [100/282] loss: 0.000226 cls_loss: 0.000226 loc_loss:0.000000 lr_backbone:0.000008time:1m 35s 
[2024-04-22 06:21:39,944][INFO] [150/282] loss: 0.000223 cls_loss: 0.000223 loc_loss:0.000000 lr_backbone:0.000008time:1m 35s 
[2024-04-22 06:23:14,897][INFO] [200/282] loss: 0.000234 cls_loss: 0.000234 loc_loss:0.000000 lr_backbone:0.000008time:1m 35s 
[2024-04-22 06:24:49,932][INFO] [250/282] loss: 0.000227 cls_loss: 0.000227 loc_loss:0.000000 lr_backbone:0.000008time:1m 35s 
[2024-04-22 06:25:50,769][INFO] Epoch[39/100] Loss: 0.000226  lr_backbone:0.000008 time:543m 19s
[2024-04-22 06:25:50,770][INFO] Epoch 40/100
[2024-04-22 06:25:50,770][INFO] ------------------------------
[2024-04-22 06:27:27,984][INFO] [50/282] loss: 0.000226 cls_loss: 0.000226 loc_loss:0.000000 lr_backbone:0.000008time:1m 37s 
[2024-04-22 06:29:02,956][INFO] [100/282] loss: 0.000208 cls_loss: 0.000208 loc_loss:0.000000 lr_backbone:0.000008time:1m 35s 
[2024-04-22 06:30:37,930][INFO] [150/282] loss: 0.000237 cls_loss: 0.000237 loc_loss:0.000000 lr_backbone:0.000008time:1m 35s 
[2024-04-22 06:32:12,871][INFO] [200/282] loss: 0.000230 cls_loss: 0.000230 loc_loss:0.000000 lr_backbone:0.000008time:1m 35s 
[2024-04-22 06:33:47,754][INFO] [250/282] loss: 0.000219 cls_loss: 0.000219 loc_loss:0.000000 lr_backbone:0.000008time:1m 35s 
[2024-04-22 06:34:48,544][INFO] Epoch[40/100] Loss: 0.000224  lr_backbone:0.000008 time:552m 17s
[2024-04-22 07:01:25,463][INFO] original:3m:0.2749088374088374  5m:0.49099099099099097  10m:0.7781576219076219  20m:0.8978889603889604  30m:0.9178196053196053  40m:0.9260555198055198  50m:0.9327765265265265
[2024-04-22 07:01:25,464][INFO] time consume is 1596.620786190033
[2024-04-22 07:01:25,465][INFO] the final score is 0.8207085012440144
[2024-04-22 07:01:25,465][INFO] Epoch 41/100
[2024-04-22 07:01:25,465][INFO] ------------------------------
[2024-04-22 07:03:02,056][INFO] [50/282] loss: 0.000212 cls_loss: 0.000212 loc_loss:0.000000 lr_backbone:0.000008time:1m 37s 
[2024-04-22 07:04:36,774][INFO] [100/282] loss: 0.000231 cls_loss: 0.000231 loc_loss:0.000000 lr_backbone:0.000008time:1m 35s 
[2024-04-22 07:06:11,450][INFO] [150/282] loss: 0.000228 cls_loss: 0.000228 loc_loss:0.000000 lr_backbone:0.000008time:1m 35s 
[2024-04-22 07:07:46,140][INFO] [200/282] loss: 0.000228 cls_loss: 0.000228 loc_loss:0.000000 lr_backbone:0.000008time:1m 35s 
[2024-04-22 07:09:20,745][INFO] [250/282] loss: 0.000227 cls_loss: 0.000227 loc_loss:0.000000 lr_backbone:0.000008time:1m 35s 
[2024-04-22 07:10:21,282][INFO] Epoch[41/100] Loss: 0.000226  lr_backbone:0.000008 time:587m 50s
[2024-04-22 07:10:21,282][INFO] Epoch 42/100
[2024-04-22 07:10:21,282][INFO] ------------------------------
[2024-04-22 07:11:57,875][INFO] [50/282] loss: 0.000220 cls_loss: 0.000220 loc_loss:0.000000 lr_backbone:0.000008time:1m 37s 
[2024-04-22 07:13:32,770][INFO] [100/282] loss: 0.000230 cls_loss: 0.000230 loc_loss:0.000000 lr_backbone:0.000008time:1m 35s 
[2024-04-22 07:15:07,525][INFO] [150/282] loss: 0.000224 cls_loss: 0.000224 loc_loss:0.000000 lr_backbone:0.000008time:1m 35s 
[2024-04-22 07:16:42,342][INFO] [200/282] loss: 0.000223 cls_loss: 0.000223 loc_loss:0.000000 lr_backbone:0.000008time:1m 35s 
[2024-04-22 07:18:17,113][INFO] [250/282] loss: 0.000228 cls_loss: 0.000228 loc_loss:0.000000 lr_backbone:0.000008time:1m 35s 
[2024-04-22 07:19:17,891][INFO] Epoch[42/100] Loss: 0.000223  lr_backbone:0.000008 time:596m 46s
[2024-04-22 07:19:17,891][INFO] Epoch 43/100
[2024-04-22 07:19:17,891][INFO] ------------------------------
[2024-04-22 07:20:54,807][INFO] [50/282] loss: 0.000223 cls_loss: 0.000223 loc_loss:0.000000 lr_backbone:0.000008time:1m 37s 
[2024-04-22 07:22:29,534][INFO] [100/282] loss: 0.000216 cls_loss: 0.000216 loc_loss:0.000000 lr_backbone:0.000008time:1m 35s 
[2024-04-22 07:24:04,307][INFO] [150/282] loss: 0.000215 cls_loss: 0.000215 loc_loss:0.000000 lr_backbone:0.000008time:1m 35s 
[2024-04-22 07:25:39,116][INFO] [200/282] loss: 0.000225 cls_loss: 0.000225 loc_loss:0.000000 lr_backbone:0.000008time:1m 35s 
[2024-04-22 07:27:14,069][INFO] [250/282] loss: 0.000228 cls_loss: 0.000228 loc_loss:0.000000 lr_backbone:0.000008time:1m 35s 
[2024-04-22 07:28:14,783][INFO] Epoch[43/100] Loss: 0.000221  lr_backbone:0.000008 time:605m 43s
[2024-04-22 07:28:14,783][INFO] Epoch 44/100
[2024-04-22 07:28:14,783][INFO] ------------------------------
[2024-04-22 07:29:51,550][INFO] [50/282] loss: 0.000234 cls_loss: 0.000234 loc_loss:0.000000 lr_backbone:0.000008time:1m 37s 
[2024-04-22 07:31:26,283][INFO] [100/282] loss: 0.000219 cls_loss: 0.000219 loc_loss:0.000000 lr_backbone:0.000008time:1m 35s 
[2024-04-22 07:33:01,131][INFO] [150/282] loss: 0.000214 cls_loss: 0.000214 loc_loss:0.000000 lr_backbone:0.000008time:1m 35s 
[2024-04-22 07:34:35,915][INFO] [200/282] loss: 0.000227 cls_loss: 0.000227 loc_loss:0.000000 lr_backbone:0.000008time:1m 35s 
[2024-04-22 07:36:10,680][INFO] [250/282] loss: 0.000222 cls_loss: 0.000222 loc_loss:0.000000 lr_backbone:0.000008time:1m 35s 
[2024-04-22 07:37:11,473][INFO] Epoch[44/100] Loss: 0.000224  lr_backbone:0.000008 time:614m 40s
[2024-04-22 07:37:11,474][INFO] Epoch 45/100
[2024-04-22 07:37:11,474][INFO] ------------------------------
[2024-04-22 07:38:48,443][INFO] [50/282] loss: 0.000214 cls_loss: 0.000214 loc_loss:0.000000 lr_backbone:0.000008time:1m 37s 
[2024-04-22 07:40:23,316][INFO] [100/282] loss: 0.000239 cls_loss: 0.000239 loc_loss:0.000000 lr_backbone:0.000008time:1m 35s 
[2024-04-22 07:41:58,027][INFO] [150/282] loss: 0.000229 cls_loss: 0.000229 loc_loss:0.000000 lr_backbone:0.000008time:1m 35s 
[2024-04-22 07:43:32,901][INFO] [200/282] loss: 0.000218 cls_loss: 0.000218 loc_loss:0.000000 lr_backbone:0.000008time:1m 35s 
[2024-04-22 07:45:07,665][INFO] [250/282] loss: 0.000222 cls_loss: 0.000222 loc_loss:0.000000 lr_backbone:0.000008time:1m 35s 
[2024-04-22 07:46:08,389][INFO] Epoch[45/100] Loss: 0.000224  lr_backbone:0.000008 time:623m 37s
[2024-04-22 08:13:41,135][INFO] original:3m:0.2756248311803867  5m:0.4919602141824364  10m:0.7790806679695569  20m:0.8984897596008707  30m:0.9183429461207239  40m:0.926458204235982  50m:0.9331792109569887
[2024-04-22 08:13:41,135][INFO] time consume is 1652.4005155563354
[2024-04-22 08:13:41,135][INFO] the final score is 0.821551465559855
[2024-04-22 08:13:41,135][INFO] Epoch 46/100
[2024-04-22 08:13:41,135][INFO] ------------------------------
[2024-04-22 08:15:17,624][INFO] [50/282] loss: 0.000221 cls_loss: 0.000221 loc_loss:0.000000 lr_backbone:0.000008time:1m 36s 
[2024-04-22 08:16:52,168][INFO] [100/282] loss: 0.000229 cls_loss: 0.000229 loc_loss:0.000000 lr_backbone:0.000008time:1m 35s 
[2024-04-22 08:18:26,754][INFO] [150/282] loss: 0.000207 cls_loss: 0.000207 loc_loss:0.000000 lr_backbone:0.000008time:1m 35s 
[2024-04-22 08:20:01,329][INFO] [200/282] loss: 0.000230 cls_loss: 0.000230 loc_loss:0.000000 lr_backbone:0.000008time:1m 35s 
[2024-04-22 08:21:35,660][INFO] [250/282] loss: 0.000230 cls_loss: 0.000230 loc_loss:0.000000 lr_backbone:0.000008time:1m 34s 
[2024-04-22 08:22:36,150][INFO] Epoch[46/100] Loss: 0.000223  lr_backbone:0.000008 time:660m 5s
[2024-04-22 08:22:36,151][INFO] Epoch 47/100
[2024-04-22 08:22:36,151][INFO] ------------------------------
[2024-04-22 08:24:12,704][INFO] [50/282] loss: 0.000220 cls_loss: 0.000220 loc_loss:0.000000 lr_backbone:0.000008time:1m 37s 
[2024-04-22 08:25:47,271][INFO] [100/282] loss: 0.000221 cls_loss: 0.000221 loc_loss:0.000000 lr_backbone:0.000008time:1m 35s 
[2024-04-22 08:27:21,969][INFO] [150/282] loss: 0.000226 cls_loss: 0.000226 loc_loss:0.000000 lr_backbone:0.000008time:1m 35s 
[2024-04-22 08:28:56,697][INFO] [200/282] loss: 0.000223 cls_loss: 0.000223 loc_loss:0.000000 lr_backbone:0.000008time:1m 35s 
[2024-04-22 08:30:31,154][INFO] [250/282] loss: 0.000216 cls_loss: 0.000216 loc_loss:0.000000 lr_backbone:0.000008time:1m 34s 
[2024-04-22 08:31:31,680][INFO] Epoch[47/100] Loss: 0.000221  lr_backbone:0.000008 time:669m 0s
[2024-04-22 08:31:31,680][INFO] Epoch 48/100
[2024-04-22 08:31:31,681][INFO] ------------------------------
[2024-04-22 08:33:08,031][INFO] [50/282] loss: 0.000219 cls_loss: 0.000219 loc_loss:0.000000 lr_backbone:0.000008time:1m 36s 
[2024-04-22 08:34:42,296][INFO] [100/282] loss: 0.000224 cls_loss: 0.000224 loc_loss:0.000000 lr_backbone:0.000008time:1m 34s 
[2024-04-22 08:36:16,975][INFO] [150/282] loss: 0.000227 cls_loss: 0.000227 loc_loss:0.000000 lr_backbone:0.000008time:1m 35s 
[2024-04-22 08:37:51,379][INFO] [200/282] loss: 0.000223 cls_loss: 0.000223 loc_loss:0.000000 lr_backbone:0.000008time:1m 34s 
[2024-04-22 08:39:25,780][INFO] [250/282] loss: 0.000219 cls_loss: 0.000219 loc_loss:0.000000 lr_backbone:0.000008time:1m 34s 
[2024-04-22 08:40:26,416][INFO] Epoch[48/100] Loss: 0.000222  lr_backbone:0.000008 time:677m 55s
[2024-04-22 08:40:26,417][INFO] Epoch 49/100
[2024-04-22 08:40:26,417][INFO] ------------------------------
[2024-04-22 08:42:02,762][INFO] [50/282] loss: 0.000227 cls_loss: 0.000227 loc_loss:0.000000 lr_backbone:0.000008time:1m 36s 
[2024-04-22 08:43:37,657][INFO] [100/282] loss: 0.000218 cls_loss: 0.000218 loc_loss:0.000000 lr_backbone:0.000008time:1m 35s 
[2024-04-22 08:45:12,587][INFO] [150/282] loss: 0.000234 cls_loss: 0.000234 loc_loss:0.000000 lr_backbone:0.000008time:1m 35s 
[2024-04-22 08:46:47,588][INFO] [200/282] loss: 0.000238 cls_loss: 0.000238 loc_loss:0.000000 lr_backbone:0.000008time:1m 35s 
[2024-04-22 08:48:25,711][INFO] [250/282] loss: 0.000219 cls_loss: 0.000219 loc_loss:0.000000 lr_backbone:0.000008time:1m 38s 
[2024-04-22 08:49:29,836][INFO] Epoch[49/100] Loss: 0.000227  lr_backbone:0.000008 time:686m 58s
[2024-04-22 08:49:29,837][INFO] Epoch 50/100
[2024-04-22 08:49:29,837][INFO] ------------------------------
[2024-04-22 08:51:07,163][INFO] [50/282] loss: 0.000209 cls_loss: 0.000209 loc_loss:0.000000 lr_backbone:0.000008time:1m 37s 
[2024-04-22 08:52:41,858][INFO] [100/282] loss: 0.000231 cls_loss: 0.000231 loc_loss:0.000000 lr_backbone:0.000008time:1m 35s 
[2024-04-22 08:54:16,605][INFO] [150/282] loss: 0.000217 cls_loss: 0.000217 loc_loss:0.000000 lr_backbone:0.000008time:1m 35s 
[2024-04-22 08:55:51,238][INFO] [200/282] loss: 0.000224 cls_loss: 0.000224 loc_loss:0.000000 lr_backbone:0.000008time:1m 35s 
[2024-04-22 08:57:25,991][INFO] [250/282] loss: 0.000212 cls_loss: 0.000212 loc_loss:0.000000 lr_backbone:0.000008time:1m 35s 
[2024-04-22 08:58:26,651][INFO] Epoch[50/100] Loss: 0.000220  lr_backbone:0.000008 time:695m 55s
[2024-04-22 09:29:04,811][INFO] original:3m:0.27576505076505076  5m:0.49218146718146716  10m:0.7789646789646789  20m:0.8985878735878736  30m:0.9185649935649935  40m:0.9266731016731017  50m:0.9333655083655084
[2024-04-22 09:29:04,812][INFO] time consume is 1837.8208231925964
[2024-04-22 09:29:04,813][INFO] the final score is 0.8188393289851336
[2024-04-22 09:29:04,813][INFO] Epoch 51/100
[2024-04-22 09:29:04,813][INFO] ------------------------------
[2024-04-22 09:30:41,729][INFO] [50/282] loss: 0.000272 cls_loss: 0.000272 loc_loss:0.000000 lr_backbone:0.000007time:1m 37s 
[2024-04-22 09:32:16,565][INFO] [100/282] loss: 0.000225 cls_loss: 0.000225 loc_loss:0.000000 lr_backbone:0.000007time:1m 35s 
[2024-04-22 09:33:51,578][INFO] [150/282] loss: 0.000219 cls_loss: 0.000219 loc_loss:0.000000 lr_backbone:0.000007time:1m 35s 
[2024-04-22 09:35:26,264][INFO] [200/282] loss: 0.000309 cls_loss: 0.000309 loc_loss:0.000000 lr_backbone:0.000007time:1m 35s 
[2024-04-22 09:37:00,979][INFO] [250/282] loss: 0.000210 cls_loss: 0.000210 loc_loss:0.000000 lr_backbone:0.000007time:1m 35s 
[2024-04-22 09:38:01,801][INFO] Epoch[51/100] Loss: 0.000245  lr_backbone:0.000007 time:735m 30s
[2024-04-22 09:38:01,802][INFO] Epoch 52/100
[2024-04-22 09:38:01,802][INFO] ------------------------------
[2024-04-22 09:39:38,745][INFO] [50/282] loss: 0.000222 cls_loss: 0.000222 loc_loss:0.000000 lr_backbone:0.000007time:1m 37s 
[2024-04-22 09:41:13,701][INFO] [100/282] loss: 0.000217 cls_loss: 0.000217 loc_loss:0.000000 lr_backbone:0.000007time:1m 35s 
[2024-04-22 09:42:48,439][INFO] [150/282] loss: 0.000228 cls_loss: 0.000228 loc_loss:0.000000 lr_backbone:0.000007time:1m 35s 
[2024-04-22 09:44:23,332][INFO] [200/282] loss: 0.000236 cls_loss: 0.000236 loc_loss:0.000000 lr_backbone:0.000007time:1m 35s 
[2024-04-22 09:45:58,074][INFO] [250/282] loss: 0.000214 cls_loss: 0.000214 loc_loss:0.000000 lr_backbone:0.000007time:1m 35s 
[2024-04-22 09:46:58,970][INFO] Epoch[52/100] Loss: 0.000222  lr_backbone:0.000007 time:744m 27s
[2024-04-22 09:46:58,970][INFO] Epoch 53/100
[2024-04-22 09:46:58,970][INFO] ------------------------------
[2024-04-22 09:48:35,932][INFO] [50/282] loss: 0.000223 cls_loss: 0.000223 loc_loss:0.000000 lr_backbone:0.000007time:1m 37s 
[2024-04-22 09:50:10,698][INFO] [100/282] loss: 0.000226 cls_loss: 0.000226 loc_loss:0.000000 lr_backbone:0.000007time:1m 35s 
[2024-04-22 09:51:45,370][INFO] [150/282] loss: 0.000221 cls_loss: 0.000221 loc_loss:0.000000 lr_backbone:0.000007time:1m 35s 
[2024-04-22 09:53:20,262][INFO] [200/282] loss: 0.000218 cls_loss: 0.000218 loc_loss:0.000000 lr_backbone:0.000007time:1m 35s 
[2024-04-22 09:54:54,897][INFO] [250/282] loss: 0.000214 cls_loss: 0.000214 loc_loss:0.000000 lr_backbone:0.000007time:1m 35s 
[2024-04-22 09:55:55,472][INFO] Epoch[53/100] Loss: 0.000220  lr_backbone:0.000007 time:753m 24s
[2024-04-22 09:55:55,472][INFO] Epoch 54/100
[2024-04-22 09:55:55,472][INFO] ------------------------------
[2024-04-22 09:57:32,477][INFO] [50/282] loss: 0.000237 cls_loss: 0.000237 loc_loss:0.000000 lr_backbone:0.000007time:1m 37s 
[2024-04-22 09:59:07,199][INFO] [100/282] loss: 0.000219 cls_loss: 0.000219 loc_loss:0.000000 lr_backbone:0.000007time:1m 35s 
[2024-04-22 10:00:41,977][INFO] [150/282] loss: 0.000210 cls_loss: 0.000210 loc_loss:0.000000 lr_backbone:0.000007time:1m 35s 
[2024-04-22 10:02:16,965][INFO] [200/282] loss: 0.000225 cls_loss: 0.000225 loc_loss:0.000000 lr_backbone:0.000007time:1m 35s 
[2024-04-22 10:03:51,705][INFO] [250/282] loss: 0.000220 cls_loss: 0.000220 loc_loss:0.000000 lr_backbone:0.000007time:1m 35s 
[2024-04-22 10:04:52,496][INFO] Epoch[54/100] Loss: 0.000221  lr_backbone:0.000007 time:762m 21s
[2024-04-22 10:04:52,496][INFO] Epoch 55/100
[2024-04-22 10:04:52,496][INFO] ------------------------------
[2024-04-22 10:06:29,416][INFO] [50/282] loss: 0.000228 cls_loss: 0.000228 loc_loss:0.000000 lr_backbone:0.000007time:1m 37s 
[2024-04-22 10:08:04,241][INFO] [100/282] loss: 0.000218 cls_loss: 0.000218 loc_loss:0.000000 lr_backbone:0.000007time:1m 35s 
[2024-04-22 10:09:39,128][INFO] [150/282] loss: 0.000219 cls_loss: 0.000219 loc_loss:0.000000 lr_backbone:0.000007time:1m 35s 
[2024-04-22 10:11:13,900][INFO] [200/282] loss: 0.000230 cls_loss: 0.000230 loc_loss:0.000000 lr_backbone:0.000007time:1m 35s 
[2024-04-22 10:12:48,757][INFO] [250/282] loss: 0.000213 cls_loss: 0.000213 loc_loss:0.000000 lr_backbone:0.000007time:1m 35s 
[2024-04-22 10:13:49,453][INFO] Epoch[55/100] Loss: 0.000221  lr_backbone:0.000007 time:771m 18s
[2024-04-22 10:43:05,243][INFO] original:3m:0.276013026013026  5m:0.49215774215774216  10m:0.778986778986779  20m:0.8987006487006487  30m:0.9187369187369188  40m:0.9268391768391768  50m:0.9335146835146835
[2024-04-22 10:43:05,244][INFO] time consume is 1755.441793680191
[2024-04-22 10:43:05,244][INFO] the final score is 0.8187461937711613
[2024-04-22 10:43:05,244][INFO] Epoch 56/100
[2024-04-22 10:43:05,244][INFO] ------------------------------
[2024-04-22 10:44:42,527][INFO] [50/282] loss: 0.000214 cls_loss: 0.000214 loc_loss:0.000000 lr_backbone:0.000007time:1m 37s 
[2024-04-22 10:46:17,551][INFO] [100/282] loss: 0.000220 cls_loss: 0.000220 loc_loss:0.000000 lr_backbone:0.000007time:1m 35s 
[2024-04-22 10:47:52,491][INFO] [150/282] loss: 0.000212 cls_loss: 0.000212 loc_loss:0.000000 lr_backbone:0.000007time:1m 35s 
[2024-04-22 10:49:27,419][INFO] [200/282] loss: 0.000229 cls_loss: 0.000229 loc_loss:0.000000 lr_backbone:0.000007time:1m 35s 
[2024-04-22 10:51:02,580][INFO] [250/282] loss: 0.000223 cls_loss: 0.000223 loc_loss:0.000000 lr_backbone:0.000007time:1m 35s 
[2024-04-22 10:52:03,251][INFO] Epoch[56/100] Loss: 0.000229  lr_backbone:0.000007 time:809m 32s
[2024-04-22 10:52:03,252][INFO] Epoch 57/100
[2024-04-22 10:52:03,252][INFO] ------------------------------
[2024-04-22 10:53:40,383][INFO] [50/282] loss: 0.000221 cls_loss: 0.000221 loc_loss:0.000000 lr_backbone:0.000007time:1m 37s 
[2024-04-22 10:55:15,289][INFO] [100/282] loss: 0.000210 cls_loss: 0.000210 loc_loss:0.000000 lr_backbone:0.000007time:1m 35s 
[2024-04-22 10:56:49,940][INFO] [150/282] loss: 0.000226 cls_loss: 0.000226 loc_loss:0.000000 lr_backbone:0.000007time:1m 35s 
[2024-04-22 10:58:24,795][INFO] [200/282] loss: 0.000218 cls_loss: 0.000218 loc_loss:0.000000 lr_backbone:0.000007time:1m 35s 
[2024-04-22 10:59:59,562][INFO] [250/282] loss: 0.000204 cls_loss: 0.000204 loc_loss:0.000000 lr_backbone:0.000007time:1m 35s 
[2024-04-22 11:01:00,189][INFO] Epoch[57/100] Loss: 0.000215  lr_backbone:0.000007 time:818m 29s
[2024-04-22 11:01:00,190][INFO] Epoch 58/100
[2024-04-22 11:01:00,190][INFO] ------------------------------
[2024-04-22 11:02:37,728][INFO] [50/282] loss: 0.000223 cls_loss: 0.000223 loc_loss:0.000000 lr_backbone:0.000007time:1m 38s 
[2024-04-22 11:04:12,744][INFO] [100/282] loss: 0.000207 cls_loss: 0.000207 loc_loss:0.000000 lr_backbone:0.000007time:1m 35s 
[2024-04-22 11:05:47,595][INFO] [150/282] loss: 0.000223 cls_loss: 0.000223 loc_loss:0.000000 lr_backbone:0.000007time:1m 35s 
[2024-04-22 11:07:22,708][INFO] [200/282] loss: 0.000214 cls_loss: 0.000214 loc_loss:0.000000 lr_backbone:0.000007time:1m 35s 
[2024-04-22 11:08:57,453][INFO] [250/282] loss: 0.000213 cls_loss: 0.000213 loc_loss:0.000000 lr_backbone:0.000007time:1m 35s 
[2024-04-22 11:09:58,252][INFO] Epoch[58/100] Loss: 0.000215  lr_backbone:0.000007 time:827m 27s
[2024-04-22 11:09:58,253][INFO] Epoch 59/100
[2024-04-22 11:09:58,253][INFO] ------------------------------
[2024-04-22 11:11:35,416][INFO] [50/282] loss: 0.000212 cls_loss: 0.000212 loc_loss:0.000000 lr_backbone:0.000007time:1m 37s 
[2024-04-22 11:13:10,071][INFO] [100/282] loss: 0.000207 cls_loss: 0.000207 loc_loss:0.000000 lr_backbone:0.000007time:1m 35s 
[2024-04-22 11:14:44,866][INFO] [150/282] loss: 0.000219 cls_loss: 0.000219 loc_loss:0.000000 lr_backbone:0.000007time:1m 35s 
[2024-04-22 11:16:19,482][INFO] [200/282] loss: 0.000202 cls_loss: 0.000202 loc_loss:0.000000 lr_backbone:0.000007time:1m 35s 
[2024-04-22 11:17:54,015][INFO] [250/282] loss: 0.000216 cls_loss: 0.000216 loc_loss:0.000000 lr_backbone:0.000007time:1m 35s 
[2024-04-22 11:18:54,538][INFO] Epoch[59/100] Loss: 0.000212  lr_backbone:0.000007 time:836m 23s
[2024-04-22 11:18:54,539][INFO] Epoch 60/100
[2024-04-22 11:18:54,539][INFO] ------------------------------
[2024-04-22 11:20:31,022][INFO] [50/282] loss: 0.000238 cls_loss: 0.000238 loc_loss:0.000000 lr_backbone:0.000007time:1m 36s 
[2024-04-22 11:22:05,578][INFO] [100/282] loss: 0.000217 cls_loss: 0.000217 loc_loss:0.000000 lr_backbone:0.000007time:1m 35s 
[2024-04-22 11:23:40,364][INFO] [150/282] loss: 0.000205 cls_loss: 0.000205 loc_loss:0.000000 lr_backbone:0.000007time:1m 35s 
[2024-04-22 11:25:15,030][INFO] [200/282] loss: 0.000227 cls_loss: 0.000227 loc_loss:0.000000 lr_backbone:0.000007time:1m 35s 
[2024-04-22 11:26:49,523][INFO] [250/282] loss: 0.000217 cls_loss: 0.000217 loc_loss:0.000000 lr_backbone:0.000007time:1m 34s 
[2024-04-22 11:27:50,081][INFO] Epoch[60/100] Loss: 0.000221  lr_backbone:0.000007 time:845m 18s
[2024-04-22 11:56:18,113][INFO] original:3m:0.2763984222317556  5m:0.49219457552790885  10m:0.7789783831450499  20m:0.8987767529434196  30m:0.9189159397492731  40m:0.9269388436055103  50m:0.9336151627818294
[2024-04-22 11:56:18,114][INFO] time consume is 1707.720692396164
[2024-04-22 11:56:18,114][INFO] the final score is 0.8190520507515838
[2024-04-22 11:56:18,114][INFO] Epoch 61/100
[2024-04-22 11:56:18,114][INFO] ------------------------------
[2024-04-22 11:57:55,152][INFO] [50/282] loss: 0.000210 cls_loss: 0.000210 loc_loss:0.000000 lr_backbone:0.000007time:1m 37s 
[2024-04-22 11:59:30,035][INFO] [100/282] loss: 0.000216 cls_loss: 0.000216 loc_loss:0.000000 lr_backbone:0.000007time:1m 35s 
[2024-04-22 12:01:04,913][INFO] [150/282] loss: 0.000214 cls_loss: 0.000214 loc_loss:0.000000 lr_backbone:0.000007time:1m 35s 
[2024-04-22 12:02:39,712][INFO] [200/282] loss: 0.000209 cls_loss: 0.000209 loc_loss:0.000000 lr_backbone:0.000007time:1m 35s 
[2024-04-22 12:04:14,384][INFO] [250/282] loss: 0.000210 cls_loss: 0.000210 loc_loss:0.000000 lr_backbone:0.000007time:1m 35s 
[2024-04-22 12:05:15,084][INFO] Epoch[61/100] Loss: 0.000211  lr_backbone:0.000007 time:882m 43s
[2024-04-22 12:05:15,084][INFO] Epoch 62/100
[2024-04-22 12:05:15,084][INFO] ------------------------------
[2024-04-22 12:06:52,147][INFO] [50/282] loss: 0.000219 cls_loss: 0.000219 loc_loss:0.000000 lr_backbone:0.000007time:1m 37s 
[2024-04-22 12:08:27,108][INFO] [100/282] loss: 0.000222 cls_loss: 0.000222 loc_loss:0.000000 lr_backbone:0.000007time:1m 35s 
[2024-04-22 12:10:01,736][INFO] [150/282] loss: 0.000250 cls_loss: 0.000250 loc_loss:0.000000 lr_backbone:0.000007time:1m 35s 
[2024-04-22 12:11:36,498][INFO] [200/282] loss: 0.000223 cls_loss: 0.000223 loc_loss:0.000000 lr_backbone:0.000007time:1m 35s 
[2024-04-22 12:13:11,228][INFO] [250/282] loss: 0.000207 cls_loss: 0.000207 loc_loss:0.000000 lr_backbone:0.000007time:1m 35s 
[2024-04-22 12:14:11,881][INFO] Epoch[62/100] Loss: 0.000223  lr_backbone:0.000007 time:891m 40s
[2024-04-22 12:14:11,881][INFO] Epoch 63/100
[2024-04-22 12:14:11,881][INFO] ------------------------------
[2024-04-22 12:15:49,106][INFO] [50/282] loss: 0.000220 cls_loss: 0.000220 loc_loss:0.000000 lr_backbone:0.000007time:1m 37s 
[2024-04-22 12:17:24,038][INFO] [100/282] loss: 0.000219 cls_loss: 0.000219 loc_loss:0.000000 lr_backbone:0.000007time:1m 35s 
[2024-04-22 12:18:58,808][INFO] [150/282] loss: 0.000209 cls_loss: 0.000209 loc_loss:0.000000 lr_backbone:0.000007time:1m 35s 
[2024-04-22 12:20:33,772][INFO] [200/282] loss: 0.000209 cls_loss: 0.000209 loc_loss:0.000000 lr_backbone:0.000007time:1m 35s 
[2024-04-22 12:22:08,509][INFO] [250/282] loss: 0.000209 cls_loss: 0.000209 loc_loss:0.000000 lr_backbone:0.000007time:1m 35s 
[2024-04-22 12:23:09,367][INFO] Epoch[63/100] Loss: 0.000214  lr_backbone:0.000007 time:900m 38s
[2024-04-22 12:23:09,368][INFO] Epoch 64/100
[2024-04-22 12:23:09,368][INFO] ------------------------------
[2024-04-22 12:24:46,387][INFO] [50/282] loss: 0.000212 cls_loss: 0.000212 loc_loss:0.000000 lr_backbone:0.000007time:1m 37s 
[2024-04-22 12:26:21,498][INFO] [100/282] loss: 0.000225 cls_loss: 0.000225 loc_loss:0.000000 lr_backbone:0.000007time:1m 35s 
[2024-04-22 12:27:56,421][INFO] [150/282] loss: 0.000211 cls_loss: 0.000211 loc_loss:0.000000 lr_backbone:0.000007time:1m 35s 
[2024-04-22 12:29:31,225][INFO] [200/282] loss: 0.000205 cls_loss: 0.000205 loc_loss:0.000000 lr_backbone:0.000007time:1m 35s 
[2024-04-22 12:31:05,945][INFO] [250/282] loss: 0.000227 cls_loss: 0.000227 loc_loss:0.000000 lr_backbone:0.000007time:1m 35s 
[2024-04-22 12:32:06,601][INFO] Epoch[64/100] Loss: 0.000217  lr_backbone:0.000007 time:909m 35s
[2024-04-22 12:32:06,601][INFO] Epoch 65/100
[2024-04-22 12:32:06,601][INFO] ------------------------------
[2024-04-22 12:33:43,827][INFO] [50/282] loss: 0.000214 cls_loss: 0.000214 loc_loss:0.000000 lr_backbone:0.000006time:1m 37s 
[2024-04-22 12:35:18,742][INFO] [100/282] loss: 0.000211 cls_loss: 0.000211 loc_loss:0.000000 lr_backbone:0.000006time:1m 35s 
[2024-04-22 12:36:53,535][INFO] [150/282] loss: 0.000210 cls_loss: 0.000210 loc_loss:0.000000 lr_backbone:0.000006time:1m 35s 
[2024-04-22 12:38:28,447][INFO] [200/282] loss: 0.000213 cls_loss: 0.000213 loc_loss:0.000000 lr_backbone:0.000006time:1m 35s 
[2024-04-22 12:40:03,326][INFO] [250/282] loss: 0.000203 cls_loss: 0.000203 loc_loss:0.000000 lr_backbone:0.000006time:1m 35s 
[2024-04-22 12:41:04,070][INFO] Epoch[65/100] Loss: 0.000211  lr_backbone:0.000006 time:918m 32s
[2024-04-22 13:10:21,301][INFO] original:3m:0.2765842765842766  5m:0.49218174218174215  10m:0.778935528935529  20m:0.8988053988053988  30m:0.918982168982169  40m:0.926998426998427  50m:0.9336424336424336
[2024-04-22 13:10:21,302][INFO] time consume is 1756.883949995041
[2024-04-22 13:10:21,303][INFO] the final score is 0.8185262173669183
[2024-04-22 13:10:21,303][INFO] Epoch 66/100
[2024-04-22 13:10:21,303][INFO] ------------------------------
[2024-04-22 13:11:57,959][INFO] [50/282] loss: 0.000213 cls_loss: 0.000213 loc_loss:0.000000 lr_backbone:0.000006time:1m 37s 
[2024-04-22 13:13:32,371][INFO] [100/282] loss: 0.000216 cls_loss: 0.000216 loc_loss:0.000000 lr_backbone:0.000006time:1m 34s 
[2024-04-22 13:15:06,911][INFO] [150/282] loss: 0.000213 cls_loss: 0.000213 loc_loss:0.000000 lr_backbone:0.000006time:1m 35s 
[2024-04-22 13:16:41,391][INFO] [200/282] loss: 0.000219 cls_loss: 0.000219 loc_loss:0.000000 lr_backbone:0.000006time:1m 34s 
[2024-04-22 13:18:15,913][INFO] [250/282] loss: 0.000204 cls_loss: 0.000204 loc_loss:0.000000 lr_backbone:0.000006time:1m 35s 
[2024-04-22 13:19:16,648][INFO] Epoch[66/100] Loss: 0.000214  lr_backbone:0.000006 time:956m 45s
[2024-04-22 13:19:16,648][INFO] Epoch 67/100
[2024-04-22 13:19:16,648][INFO] ------------------------------
[2024-04-22 13:20:53,569][INFO] [50/282] loss: 0.000221 cls_loss: 0.000221 loc_loss:0.000000 lr_backbone:0.000006time:1m 37s 
[2024-04-22 13:22:28,332][INFO] [100/282] loss: 0.000222 cls_loss: 0.000222 loc_loss:0.000000 lr_backbone:0.000006time:1m 35s 
[2024-04-22 13:24:03,095][INFO] [150/282] loss: 0.000209 cls_loss: 0.000209 loc_loss:0.000000 lr_backbone:0.000006time:1m 35s 
[2024-04-22 13:25:37,748][INFO] [200/282] loss: 0.000207 cls_loss: 0.000207 loc_loss:0.000000 lr_backbone:0.000006time:1m 35s 
[2024-04-22 13:27:12,544][INFO] [250/282] loss: 0.000213 cls_loss: 0.000213 loc_loss:0.000000 lr_backbone:0.000006time:1m 35s 
[2024-04-22 13:28:13,252][INFO] Epoch[67/100] Loss: 0.000215  lr_backbone:0.000006 time:965m 42s
[2024-04-22 13:28:13,253][INFO] Epoch 68/100
[2024-04-22 13:28:13,253][INFO] ------------------------------
[2024-04-22 13:29:50,363][INFO] [50/282] loss: 0.000212 cls_loss: 0.000212 loc_loss:0.000000 lr_backbone:0.000006time:1m 37s 
[2024-04-22 13:31:25,179][INFO] [100/282] loss: 0.000209 cls_loss: 0.000209 loc_loss:0.000000 lr_backbone:0.000006time:1m 35s 
[2024-04-22 13:32:59,750][INFO] [150/282] loss: 0.000217 cls_loss: 0.000217 loc_loss:0.000000 lr_backbone:0.000006time:1m 35s 
[2024-04-22 13:34:34,327][INFO] [200/282] loss: 0.000214 cls_loss: 0.000214 loc_loss:0.000000 lr_backbone:0.000006time:1m 35s 
[2024-04-22 13:36:08,847][INFO] [250/282] loss: 0.000198 cls_loss: 0.000198 loc_loss:0.000000 lr_backbone:0.000006time:1m 35s 
[2024-04-22 13:37:09,436][INFO] Epoch[68/100] Loss: 0.000210  lr_backbone:0.000006 time:974m 38s
[2024-04-22 13:37:09,437][INFO] Epoch 69/100
[2024-04-22 13:37:09,437][INFO] ------------------------------
[2024-04-22 13:38:46,603][INFO] [50/282] loss: 0.000225 cls_loss: 0.000225 loc_loss:0.000000 lr_backbone:0.000006time:1m 37s 
[2024-04-22 13:40:21,481][INFO] [100/282] loss: 0.000218 cls_loss: 0.000218 loc_loss:0.000000 lr_backbone:0.000006time:1m 35s 
[2024-04-22 13:41:56,212][INFO] [150/282] loss: 0.000211 cls_loss: 0.000211 loc_loss:0.000000 lr_backbone:0.000006time:1m 35s 
[2024-04-22 13:43:30,971][INFO] [200/282] loss: 0.000208 cls_loss: 0.000208 loc_loss:0.000000 lr_backbone:0.000006time:1m 35s 
[2024-04-22 13:45:05,540][INFO] [250/282] loss: 0.000203 cls_loss: 0.000203 loc_loss:0.000000 lr_backbone:0.000006time:1m 35s 
[2024-04-22 13:46:06,190][INFO] Epoch[69/100] Loss: 0.000212  lr_backbone:0.000006 time:983m 35s
[2024-04-22 13:46:06,191][INFO] Epoch 70/100
[2024-04-22 13:46:06,191][INFO] ------------------------------
[2024-04-22 13:47:43,411][INFO] [50/282] loss: 0.000203 cls_loss: 0.000203 loc_loss:0.000000 lr_backbone:0.000006time:1m 37s 
[2024-04-22 13:49:18,252][INFO] [100/282] loss: 0.000205 cls_loss: 0.000205 loc_loss:0.000000 lr_backbone:0.000006time:1m 35s 
[2024-04-22 13:50:52,866][INFO] [150/282] loss: 0.000212 cls_loss: 0.000212 loc_loss:0.000000 lr_backbone:0.000006time:1m 35s 
[2024-04-22 13:52:27,455][INFO] [200/282] loss: 0.000216 cls_loss: 0.000216 loc_loss:0.000000 lr_backbone:0.000006time:1m 35s 
[2024-04-22 13:54:02,075][INFO] [250/282] loss: 0.000208 cls_loss: 0.000208 loc_loss:0.000000 lr_backbone:0.000006time:1m 35s 
[2024-04-22 13:55:02,838][INFO] Epoch[70/100] Loss: 0.000209  lr_backbone:0.000006 time:992m 31s
[2024-04-22 14:26:37,011][INFO] original:3m:0.27692743764172334  5m:0.4924822781965639  10m:0.7789626361054932  20m:0.8987890952176667  30m:0.9189776511205082  40m:0.9269779984065698  50m:0.9336070764642194
[2024-04-22 14:26:37,013][INFO] time consume is 1893.8439593315125
[2024-04-22 14:26:37,013][INFO] the final score is 0.8183017412846345
[2024-04-22 14:26:37,013][INFO] Epoch 71/100
[2024-04-22 14:26:37,013][INFO] ------------------------------
[2024-04-22 14:28:14,835][INFO] [50/282] loss: 0.000222 cls_loss: 0.000222 loc_loss:0.000000 lr_backbone:0.000006time:1m 38s 
[2024-04-22 14:29:49,662][INFO] [100/282] loss: 0.000208 cls_loss: 0.000208 loc_loss:0.000000 lr_backbone:0.000006time:1m 35s 
[2024-04-22 14:31:24,298][INFO] [150/282] loss: 0.000203 cls_loss: 0.000203 loc_loss:0.000000 lr_backbone:0.000006time:1m 35s 
[2024-04-22 14:32:58,800][INFO] [200/282] loss: 0.000219 cls_loss: 0.000219 loc_loss:0.000000 lr_backbone:0.000006time:1m 35s 
[2024-04-22 14:34:33,289][INFO] [250/282] loss: 0.000201 cls_loss: 0.000201 loc_loss:0.000000 lr_backbone:0.000006time:1m 34s 
[2024-04-22 14:35:33,828][INFO] Epoch[71/100] Loss: 0.000210  lr_backbone:0.000006 time:1033m 2s
[2024-04-22 14:35:33,829][INFO] Epoch 72/100
[2024-04-22 14:35:33,829][INFO] ------------------------------
[2024-04-22 14:37:10,811][INFO] [50/282] loss: 0.000201 cls_loss: 0.000201 loc_loss:0.000000 lr_backbone:0.000006time:1m 37s 
[2024-04-22 14:38:45,545][INFO] [100/282] loss: 0.000227 cls_loss: 0.000227 loc_loss:0.000000 lr_backbone:0.000006time:1m 35s 
[2024-04-22 14:40:20,046][INFO] [150/282] loss: 0.000217 cls_loss: 0.000217 loc_loss:0.000000 lr_backbone:0.000006time:1m 35s 
[2024-04-22 14:41:54,642][INFO] [200/282] loss: 0.000208 cls_loss: 0.000208 loc_loss:0.000000 lr_backbone:0.000006time:1m 35s 
[2024-04-22 14:43:29,195][INFO] [250/282] loss: 0.000214 cls_loss: 0.000214 loc_loss:0.000000 lr_backbone:0.000006time:1m 35s 
[2024-04-22 14:44:29,944][INFO] Epoch[72/100] Loss: 0.000214  lr_backbone:0.000006 time:1041m 58s
[2024-04-22 14:44:29,944][INFO] Epoch 73/100
[2024-04-22 14:44:29,944][INFO] ------------------------------
[2024-04-22 14:46:07,029][INFO] [50/282] loss: 0.000210 cls_loss: 0.000210 loc_loss:0.000000 lr_backbone:0.000006time:1m 37s 
[2024-04-22 14:47:41,759][INFO] [100/282] loss: 0.000214 cls_loss: 0.000214 loc_loss:0.000000 lr_backbone:0.000006time:1m 35s 
[2024-04-22 14:49:16,280][INFO] [150/282] loss: 0.000205 cls_loss: 0.000205 loc_loss:0.000000 lr_backbone:0.000006time:1m 35s 
[2024-04-22 14:50:51,021][INFO] [200/282] loss: 0.000205 cls_loss: 0.000205 loc_loss:0.000000 lr_backbone:0.000006time:1m 35s 
[2024-04-22 14:52:25,657][INFO] [250/282] loss: 0.000212 cls_loss: 0.000212 loc_loss:0.000000 lr_backbone:0.000006time:1m 35s 
[2024-04-22 14:53:26,364][INFO] Epoch[73/100] Loss: 0.000211  lr_backbone:0.000006 time:1050m 55s
[2024-04-22 14:53:26,364][INFO] Epoch 74/100
[2024-04-22 14:53:26,364][INFO] ------------------------------
[2024-04-22 14:55:03,198][INFO] [50/282] loss: 0.000211 cls_loss: 0.000211 loc_loss:0.000000 lr_backbone:0.000006time:1m 37s 
[2024-04-22 14:56:37,750][INFO] [100/282] loss: 0.000212 cls_loss: 0.000212 loc_loss:0.000000 lr_backbone:0.000006time:1m 35s 
[2024-04-22 14:58:12,530][INFO] [150/282] loss: 0.000218 cls_loss: 0.000218 loc_loss:0.000000 lr_backbone:0.000006time:1m 35s 
[2024-04-22 14:59:47,398][INFO] [200/282] loss: 0.000220 cls_loss: 0.000220 loc_loss:0.000000 lr_backbone:0.000006time:1m 35s 
[2024-04-22 15:01:22,189][INFO] [250/282] loss: 0.000211 cls_loss: 0.000211 loc_loss:0.000000 lr_backbone:0.000006time:1m 35s 
[2024-04-22 15:02:23,090][INFO] Epoch[74/100] Loss: 0.000214  lr_backbone:0.000006 time:1059m 51s
[2024-04-22 15:02:23,091][INFO] Epoch 75/100
[2024-04-22 15:02:23,092][INFO] ------------------------------
[2024-04-22 15:04:00,485][INFO] [50/282] loss: 0.000199 cls_loss: 0.000199 loc_loss:0.000000 lr_backbone:0.000006time:1m 37s 
[2024-04-22 15:05:35,531][INFO] [100/282] loss: 0.000212 cls_loss: 0.000212 loc_loss:0.000000 lr_backbone:0.000006time:1m 35s 
[2024-04-22 15:07:10,449][INFO] [150/282] loss: 0.000212 cls_loss: 0.000212 loc_loss:0.000000 lr_backbone:0.000006time:1m 35s 
[2024-04-22 15:08:45,381][INFO] [200/282] loss: 0.000210 cls_loss: 0.000210 loc_loss:0.000000 lr_backbone:0.000006time:1m 35s 
[2024-04-22 15:10:20,275][INFO] [250/282] loss: 0.000204 cls_loss: 0.000204 loc_loss:0.000000 lr_backbone:0.000006time:1m 35s 
[2024-04-22 15:11:21,060][INFO] Epoch[75/100] Loss: 0.000206  lr_backbone:0.000006 time:1068m 49s
[2024-04-22 15:41:47,398][INFO] original:3m:0.2770818437485104  5m:0.49248057581390914  10m:0.7788574288574288  20m:0.8987535154201821  30m:0.9189213022546356  40m:0.9268983268983269  50m:0.9335311501978169
[2024-04-22 15:41:47,399][INFO] time consume is 1825.9910073280334
[2024-04-22 15:41:47,399][INFO] the final score is 0.8170942076326544
[2024-04-22 15:41:47,399][INFO] Epoch 76/100
[2024-04-22 15:41:47,400][INFO] ------------------------------
[2024-04-22 15:43:24,586][INFO] [50/282] loss: 0.000210 cls_loss: 0.000210 loc_loss:0.000000 lr_backbone:0.000006time:1m 37s 
[2024-04-22 15:44:59,942][INFO] [100/282] loss: 0.000205 cls_loss: 0.000205 loc_loss:0.000000 lr_backbone:0.000006time:1m 35s 
[2024-04-22 15:46:35,005][INFO] [150/282] loss: 0.000214 cls_loss: 0.000214 loc_loss:0.000000 lr_backbone:0.000006time:1m 35s 
[2024-04-22 15:48:09,907][INFO] [200/282] loss: 0.000205 cls_loss: 0.000205 loc_loss:0.000000 lr_backbone:0.000006time:1m 35s 
[2024-04-22 15:49:44,870][INFO] [250/282] loss: 0.000207 cls_loss: 0.000207 loc_loss:0.000000 lr_backbone:0.000006time:1m 35s 
[2024-04-22 15:50:45,709][INFO] Epoch[76/100] Loss: 0.000209  lr_backbone:0.000006 time:1108m 14s
[2024-04-22 15:50:45,709][INFO] Epoch 77/100
[2024-04-22 15:50:45,709][INFO] ------------------------------
[2024-04-22 15:52:23,148][INFO] [50/282] loss: 0.000203 cls_loss: 0.000203 loc_loss:0.000000 lr_backbone:0.000006time:1m 37s 
[2024-04-22 15:53:58,074][INFO] [100/282] loss: 0.000206 cls_loss: 0.000206 loc_loss:0.000000 lr_backbone:0.000006time:1m 35s 
[2024-04-22 15:55:33,073][INFO] [150/282] loss: 0.000208 cls_loss: 0.000208 loc_loss:0.000000 lr_backbone:0.000006time:1m 35s 
[2024-04-22 15:57:07,979][INFO] [200/282] loss: 0.000210 cls_loss: 0.000210 loc_loss:0.000000 lr_backbone:0.000006time:1m 35s 
[2024-04-22 15:58:42,825][INFO] [250/282] loss: 0.000209 cls_loss: 0.000209 loc_loss:0.000000 lr_backbone:0.000006time:1m 35s 
[2024-04-22 15:59:43,706][INFO] Epoch[77/100] Loss: 0.000207  lr_backbone:0.000006 time:1117m 12s
[2024-04-22 15:59:43,706][INFO] Epoch 78/100
[2024-04-22 15:59:43,707][INFO] ------------------------------
[2024-04-22 16:01:20,741][INFO] [50/282] loss: 0.000200 cls_loss: 0.000200 loc_loss:0.000000 lr_backbone:0.000006time:1m 37s 
[2024-04-22 16:02:55,477][INFO] [100/282] loss: 0.000208 cls_loss: 0.000208 loc_loss:0.000000 lr_backbone:0.000006time:1m 35s 
[2024-04-22 16:04:30,239][INFO] [150/282] loss: 0.000203 cls_loss: 0.000203 loc_loss:0.000000 lr_backbone:0.000006time:1m 35s 
[2024-04-22 16:06:05,119][INFO] [200/282] loss: 0.000199 cls_loss: 0.000199 loc_loss:0.000000 lr_backbone:0.000006time:1m 35s 
[2024-04-22 16:07:39,932][INFO] [250/282] loss: 0.000201 cls_loss: 0.000201 loc_loss:0.000000 lr_backbone:0.000006time:1m 35s 
[2024-04-22 16:08:40,763][INFO] Epoch[78/100] Loss: 0.000202  lr_backbone:0.000006 time:1126m 9s
[2024-04-22 16:08:40,764][INFO] Epoch 79/100
[2024-04-22 16:08:40,764][INFO] ------------------------------
[2024-04-22 16:10:17,846][INFO] [50/282] loss: 0.000211 cls_loss: 0.000211 loc_loss:0.000000 lr_backbone:0.000006time:1m 37s 
[2024-04-22 16:11:52,624][INFO] [100/282] loss: 0.000212 cls_loss: 0.000212 loc_loss:0.000000 lr_backbone:0.000006time:1m 35s 
[2024-04-22 16:13:27,491][INFO] [150/282] loss: 0.000212 cls_loss: 0.000212 loc_loss:0.000000 lr_backbone:0.000006time:1m 35s 
[2024-04-22 16:15:02,271][INFO] [200/282] loss: 0.000217 cls_loss: 0.000217 loc_loss:0.000000 lr_backbone:0.000006time:1m 35s 
[2024-04-22 16:16:37,049][INFO] [250/282] loss: 0.000204 cls_loss: 0.000204 loc_loss:0.000000 lr_backbone:0.000006time:1m 35s 
[2024-04-22 16:17:37,884][INFO] Epoch[79/100] Loss: 0.000210  lr_backbone:0.000006 time:1135m 6s
[2024-04-22 16:17:37,885][INFO] Epoch 80/100
[2024-04-22 16:17:37,885][INFO] ------------------------------
[2024-04-22 16:19:14,702][INFO] [50/282] loss: 0.000202 cls_loss: 0.000202 loc_loss:0.000000 lr_backbone:0.000006time:1m 37s 
[2024-04-22 16:20:49,380][INFO] [100/282] loss: 0.000220 cls_loss: 0.000220 loc_loss:0.000000 lr_backbone:0.000006time:1m 35s 
[2024-04-22 16:22:24,172][INFO] [150/282] loss: 0.000205 cls_loss: 0.000205 loc_loss:0.000000 lr_backbone:0.000006time:1m 35s 
[2024-04-22 16:23:58,862][INFO] [200/282] loss: 0.000210 cls_loss: 0.000210 loc_loss:0.000000 lr_backbone:0.000006time:1m 35s 
[2024-04-22 16:25:33,804][INFO] [250/282] loss: 0.000202 cls_loss: 0.000202 loc_loss:0.000000 lr_backbone:0.000006time:1m 35s 
[2024-04-22 16:26:34,628][INFO] Epoch[80/100] Loss: 0.000206  lr_backbone:0.000006 time:1144m 3s
[2024-04-22 16:57:02,440][INFO] original:3m:0.2770828864578865  5m:0.49223553911053913  10m:0.7784905441155441  20m:0.8985503360503361  30m:0.9187491062491062  40m:0.9267414736164736  50m:0.9333708708708709
[2024-04-22 16:57:02,441][INFO] time consume is 1827.4220969676971
[2024-04-22 16:57:02,441][INFO] the final score is 0.8149571708662249
[2024-04-22 16:57:02,441][INFO] Epoch 81/100
[2024-04-22 16:57:02,442][INFO] ------------------------------
[2024-04-22 16:58:39,761][INFO] [50/282] loss: 0.000203 cls_loss: 0.000203 loc_loss:0.000000 lr_backbone:0.000005time:1m 37s 
[2024-04-22 17:00:14,924][INFO] [100/282] loss: 0.000209 cls_loss: 0.000209 loc_loss:0.000000 lr_backbone:0.000005time:1m 35s 
[2024-04-22 17:01:50,090][INFO] [150/282] loss: 0.000195 cls_loss: 0.000195 loc_loss:0.000000 lr_backbone:0.000005time:1m 35s 
[2024-04-22 17:03:25,190][INFO] [200/282] loss: 0.000228 cls_loss: 0.000228 loc_loss:0.000000 lr_backbone:0.000005time:1m 35s 
[2024-04-22 17:05:00,043][INFO] [250/282] loss: 0.000202 cls_loss: 0.000202 loc_loss:0.000000 lr_backbone:0.000005time:1m 35s 
[2024-04-22 17:06:00,791][INFO] Epoch[81/100] Loss: 0.000208  lr_backbone:0.000005 time:1183m 29s
[2024-04-22 17:06:00,792][INFO] Epoch 82/100
[2024-04-22 17:06:00,792][INFO] ------------------------------
[2024-04-22 17:07:38,219][INFO] [50/282] loss: 0.000207 cls_loss: 0.000207 loc_loss:0.000000 lr_backbone:0.000005time:1m 37s 
[2024-04-22 17:09:13,206][INFO] [100/282] loss: 0.000215 cls_loss: 0.000215 loc_loss:0.000000 lr_backbone:0.000005time:1m 35s 
[2024-04-22 17:10:48,110][INFO] [150/282] loss: 0.000206 cls_loss: 0.000206 loc_loss:0.000000 lr_backbone:0.000005time:1m 35s 
[2024-04-22 17:12:23,079][INFO] [200/282] loss: 0.000196 cls_loss: 0.000196 loc_loss:0.000000 lr_backbone:0.000005time:1m 35s 
[2024-04-22 17:13:57,981][INFO] [250/282] loss: 0.000219 cls_loss: 0.000219 loc_loss:0.000000 lr_backbone:0.000005time:1m 35s 
[2024-04-22 17:14:58,725][INFO] Epoch[82/100] Loss: 0.000208  lr_backbone:0.000005 time:1192m 27s
[2024-04-22 17:14:58,726][INFO] Epoch 83/100
[2024-04-22 17:14:58,726][INFO] ------------------------------
[2024-04-22 17:16:36,012][INFO] [50/282] loss: 0.000197 cls_loss: 0.000197 loc_loss:0.000000 lr_backbone:0.000005time:1m 37s 
[2024-04-22 17:18:10,907][INFO] [100/282] loss: 0.000201 cls_loss: 0.000201 loc_loss:0.000000 lr_backbone:0.000005time:1m 35s 
[2024-04-22 17:19:45,956][INFO] [150/282] loss: 0.000208 cls_loss: 0.000208 loc_loss:0.000000 lr_backbone:0.000005time:1m 35s 
[2024-04-22 17:21:20,867][INFO] [200/282] loss: 0.000198 cls_loss: 0.000198 loc_loss:0.000000 lr_backbone:0.000005time:1m 35s 
[2024-04-22 17:22:55,899][INFO] [250/282] loss: 0.000208 cls_loss: 0.000208 loc_loss:0.000000 lr_backbone:0.000005time:1m 35s 
[2024-04-22 17:23:56,696][INFO] Epoch[83/100] Loss: 0.000203  lr_backbone:0.000005 time:1201m 25s
[2024-04-22 17:23:56,696][INFO] Epoch 84/100
[2024-04-22 17:23:56,696][INFO] ------------------------------
[2024-04-22 17:25:33,987][INFO] [50/282] loss: 0.000206 cls_loss: 0.000206 loc_loss:0.000000 lr_backbone:0.000005time:1m 37s 
[2024-04-22 17:27:09,029][INFO] [100/282] loss: 0.000210 cls_loss: 0.000210 loc_loss:0.000000 lr_backbone:0.000005time:1m 35s 
[2024-04-22 17:28:43,936][INFO] [150/282] loss: 0.000191 cls_loss: 0.000191 loc_loss:0.000000 lr_backbone:0.000005time:1m 35s 
[2024-04-22 17:30:18,914][INFO] [200/282] loss: 0.000209 cls_loss: 0.000209 loc_loss:0.000000 lr_backbone:0.000005time:1m 35s 
[2024-04-22 17:31:53,726][INFO] [250/282] loss: 0.000214 cls_loss: 0.000214 loc_loss:0.000000 lr_backbone:0.000005time:1m 35s 
[2024-04-22 17:32:54,359][INFO] Epoch[84/100] Loss: 0.000207  lr_backbone:0.000005 time:1210m 23s
[2024-04-22 17:32:54,360][INFO] Epoch 85/100
[2024-04-22 17:32:54,360][INFO] ------------------------------
[2024-04-22 17:34:31,542][INFO] [50/282] loss: 0.000203 cls_loss: 0.000203 loc_loss:0.000000 lr_backbone:0.000005time:1m 37s 
[2024-04-22 17:36:06,535][INFO] [100/282] loss: 0.000201 cls_loss: 0.000201 loc_loss:0.000000 lr_backbone:0.000005time:1m 35s 
[2024-04-22 17:37:41,501][INFO] [150/282] loss: 0.000212 cls_loss: 0.000212 loc_loss:0.000000 lr_backbone:0.000005time:1m 35s 
[2024-04-22 17:39:16,465][INFO] [200/282] loss: 0.000208 cls_loss: 0.000208 loc_loss:0.000000 lr_backbone:0.000005time:1m 35s 
[2024-04-22 17:40:51,389][INFO] [250/282] loss: 0.000202 cls_loss: 0.000202 loc_loss:0.000000 lr_backbone:0.000005time:1m 35s 
[2024-04-22 17:41:52,251][INFO] Epoch[85/100] Loss: 0.000207  lr_backbone:0.000005 time:1219m 21s
[2024-04-22 18:11:16,719][INFO] original:3m:0.27676836500365914  5m:0.4917165064223888  10m:0.7777946013240131  20m:0.8983311042134572  30m:0.9186181980299627  40m:0.9266346178110884  50m:0.9332694038576391
[2024-04-22 18:11:16,720][INFO] time consume is 1764.1137742996216
[2024-04-22 18:11:16,720][INFO] the final score is 0.8137897138449336
[2024-04-22 18:11:16,720][INFO] Epoch 86/100
[2024-04-22 18:11:16,720][INFO] ------------------------------
[2024-04-22 18:12:53,520][INFO] [50/282] loss: 0.000209 cls_loss: 0.000209 loc_loss:0.000000 lr_backbone:0.000005time:1m 37s 
[2024-04-22 18:14:28,461][INFO] [100/282] loss: 0.000202 cls_loss: 0.000202 loc_loss:0.000000 lr_backbone:0.000005time:1m 35s 
[2024-04-22 18:16:03,461][INFO] [150/282] loss: 0.000199 cls_loss: 0.000199 loc_loss:0.000000 lr_backbone:0.000005time:1m 35s 
[2024-04-22 18:17:38,304][INFO] [200/282] loss: 0.000206 cls_loss: 0.000206 loc_loss:0.000000 lr_backbone:0.000005time:1m 35s 
[2024-04-22 18:19:13,150][INFO] [250/282] loss: 0.000192 cls_loss: 0.000192 loc_loss:0.000000 lr_backbone:0.000005time:1m 35s 
[2024-04-22 18:20:13,877][INFO] Epoch[86/100] Loss: 0.000203  lr_backbone:0.000005 time:1257m 42s
[2024-04-22 18:20:13,877][INFO] Epoch 87/100
[2024-04-22 18:20:13,878][INFO] ------------------------------
[2024-04-22 18:21:50,792][INFO] [50/282] loss: 0.000205 cls_loss: 0.000205 loc_loss:0.000000 lr_backbone:0.000005time:1m 37s 
[2024-04-22 18:23:25,378][INFO] [100/282] loss: 0.000197 cls_loss: 0.000197 loc_loss:0.000000 lr_backbone:0.000005time:1m 35s 
[2024-04-22 18:24:59,853][INFO] [150/282] loss: 0.000202 cls_loss: 0.000202 loc_loss:0.000000 lr_backbone:0.000005time:1m 34s 
[2024-04-22 18:26:34,432][INFO] [200/282] loss: 0.000201 cls_loss: 0.000201 loc_loss:0.000000 lr_backbone:0.000005time:1m 35s 
[2024-04-22 18:28:09,197][INFO] [250/282] loss: 0.000194 cls_loss: 0.000194 loc_loss:0.000000 lr_backbone:0.000005time:1m 35s 
[2024-04-22 18:29:10,013][INFO] Epoch[87/100] Loss: 0.000201  lr_backbone:0.000005 time:1266m 38s
[2024-04-22 18:29:10,013][INFO] Epoch 88/100
[2024-04-22 18:29:10,013][INFO] ------------------------------
[2024-04-22 18:30:47,336][INFO] [50/282] loss: 0.000204 cls_loss: 0.000204 loc_loss:0.000000 lr_backbone:0.000005time:1m 37s 
[2024-04-22 18:32:22,115][INFO] [100/282] loss: 0.000209 cls_loss: 0.000209 loc_loss:0.000000 lr_backbone:0.000005time:1m 35s 
[2024-04-22 18:33:56,814][INFO] [150/282] loss: 0.000203 cls_loss: 0.000203 loc_loss:0.000000 lr_backbone:0.000005time:1m 35s 
[2024-04-22 18:35:31,637][INFO] [200/282] loss: 0.000204 cls_loss: 0.000204 loc_loss:0.000000 lr_backbone:0.000005time:1m 35s 
[2024-04-22 18:37:06,419][INFO] [250/282] loss: 0.000213 cls_loss: 0.000213 loc_loss:0.000000 lr_backbone:0.000005time:1m 35s 
[2024-04-22 18:38:07,256][INFO] Epoch[88/100] Loss: 0.000206  lr_backbone:0.000005 time:1275m 36s
[2024-04-22 18:38:07,257][INFO] Epoch 89/100
[2024-04-22 18:38:07,257][INFO] ------------------------------
[2024-04-22 18:39:44,271][INFO] [50/282] loss: 0.000200 cls_loss: 0.000200 loc_loss:0.000000 lr_backbone:0.000005time:1m 37s 
[2024-04-22 18:41:19,195][INFO] [100/282] loss: 0.000215 cls_loss: 0.000215 loc_loss:0.000000 lr_backbone:0.000005time:1m 35s 
[2024-04-22 18:42:53,973][INFO] [150/282] loss: 0.000208 cls_loss: 0.000208 loc_loss:0.000000 lr_backbone:0.000005time:1m 35s 
[2024-04-22 18:44:28,878][INFO] [200/282] loss: 0.000214 cls_loss: 0.000214 loc_loss:0.000000 lr_backbone:0.000005time:1m 35s 
[2024-04-22 18:46:03,760][INFO] [250/282] loss: 0.000192 cls_loss: 0.000192 loc_loss:0.000000 lr_backbone:0.000005time:1m 35s 
[2024-04-22 18:47:04,412][INFO] Epoch[89/100] Loss: 0.000205  lr_backbone:0.000005 time:1284m 33s
[2024-04-22 18:47:04,412][INFO] Epoch 90/100
[2024-04-22 18:47:04,413][INFO] ------------------------------
[2024-04-22 18:48:41,299][INFO] [50/282] loss: 0.000189 cls_loss: 0.000189 loc_loss:0.000000 lr_backbone:0.000005time:1m 37s 
[2024-04-22 18:50:16,073][INFO] [100/282] loss: 0.000207 cls_loss: 0.000207 loc_loss:0.000000 lr_backbone:0.000005time:1m 35s 
[2024-04-22 18:51:50,956][INFO] [150/282] loss: 0.000206 cls_loss: 0.000206 loc_loss:0.000000 lr_backbone:0.000005time:1m 35s 
[2024-04-22 18:53:25,663][INFO] [200/282] loss: 0.000207 cls_loss: 0.000207 loc_loss:0.000000 lr_backbone:0.000005time:1m 35s 
[2024-04-22 18:55:00,540][INFO] [250/282] loss: 0.000205 cls_loss: 0.000205 loc_loss:0.000000 lr_backbone:0.000005time:1m 35s 
[2024-04-22 18:56:01,169][INFO] Epoch[90/100] Loss: 0.000202  lr_backbone:0.000005 time:1293m 30s
[2024-04-22 19:24:11,667][INFO] original:3m:0.27673705451483227  5m:0.4914736164736165  10m:0.7773964440631107  20m:0.8982037593148704  30m:0.9185514879959324  40m:0.9265932599265932  50m:0.9332427665761
[2024-04-22 19:24:11,668][INFO] time consume is 1690.1733150482178
[2024-04-22 19:24:11,668][INFO] the final score is 0.8155421523286687
[2024-04-22 19:24:11,668][INFO] Epoch 91/100
[2024-04-22 19:24:11,668][INFO] ------------------------------
[2024-04-22 19:25:48,264][INFO] [50/282] loss: 0.000209 cls_loss: 0.000209 loc_loss:0.000000 lr_backbone:0.000005time:1m 37s 
[2024-04-22 19:27:22,902][INFO] [100/282] loss: 0.000209 cls_loss: 0.000209 loc_loss:0.000000 lr_backbone:0.000005time:1m 35s 
[2024-04-22 19:28:57,444][INFO] [150/282] loss: 0.000202 cls_loss: 0.000202 loc_loss:0.000000 lr_backbone:0.000005time:1m 35s 
[2024-04-22 19:30:31,823][INFO] [200/282] loss: 0.000204 cls_loss: 0.000204 loc_loss:0.000000 lr_backbone:0.000005time:1m 34s 
[2024-04-22 19:32:06,653][INFO] [250/282] loss: 0.000193 cls_loss: 0.000193 loc_loss:0.000000 lr_backbone:0.000005time:1m 35s 
[2024-04-22 19:33:07,416][INFO] Epoch[91/100] Loss: 0.000204  lr_backbone:0.000005 time:1330m 36s
[2024-04-22 19:33:07,417][INFO] Epoch 92/100
[2024-04-22 19:33:07,417][INFO] ------------------------------
[2024-04-22 19:34:44,581][INFO] [50/282] loss: 0.000201 cls_loss: 0.000201 loc_loss:0.000000 lr_backbone:0.000005time:1m 37s 
[2024-04-22 19:36:19,505][INFO] [100/282] loss: 0.000209 cls_loss: 0.000209 loc_loss:0.000000 lr_backbone:0.000005time:1m 35s 
[2024-04-22 19:37:54,002][INFO] [150/282] loss: 0.000199 cls_loss: 0.000199 loc_loss:0.000000 lr_backbone:0.000005time:1m 34s 
[2024-04-22 19:39:28,804][INFO] [200/282] loss: 0.000225 cls_loss: 0.000225 loc_loss:0.000000 lr_backbone:0.000005time:1m 35s 
[2024-04-22 19:41:04,156][INFO] [250/282] loss: 0.000198 cls_loss: 0.000198 loc_loss:0.000000 lr_backbone:0.000005time:1m 35s 
[2024-04-22 19:42:05,048][INFO] Epoch[92/100] Loss: 0.000205  lr_backbone:0.000005 time:1339m 33s
[2024-04-22 19:42:05,049][INFO] Epoch 93/100
[2024-04-22 19:42:05,049][INFO] ------------------------------
[2024-04-22 19:43:42,606][INFO] [50/282] loss: 0.000200 cls_loss: 0.000200 loc_loss:0.000000 lr_backbone:0.000005time:1m 38s 
[2024-04-22 19:45:17,445][INFO] [100/282] loss: 0.000209 cls_loss: 0.000209 loc_loss:0.000000 lr_backbone:0.000005time:1m 35s 
[2024-04-22 19:46:52,335][INFO] [150/282] loss: 0.000210 cls_loss: 0.000210 loc_loss:0.000000 lr_backbone:0.000005time:1m 35s 
[2024-04-22 19:48:27,331][INFO] [200/282] loss: 0.000203 cls_loss: 0.000203 loc_loss:0.000000 lr_backbone:0.000005time:1m 35s 
[2024-04-22 19:50:02,186][INFO] [250/282] loss: 0.000201 cls_loss: 0.000201 loc_loss:0.000000 lr_backbone:0.000005time:1m 35s 
[2024-04-22 19:51:02,943][INFO] Epoch[93/100] Loss: 0.000204  lr_backbone:0.000005 time:1348m 31s
[2024-04-22 19:51:02,944][INFO] Epoch 94/100
[2024-04-22 19:51:02,944][INFO] ------------------------------
[2024-04-22 19:52:40,341][INFO] [50/282] loss: 0.000213 cls_loss: 0.000213 loc_loss:0.000000 lr_backbone:0.000005time:1m 37s 
[2024-04-22 19:54:15,418][INFO] [100/282] loss: 0.000193 cls_loss: 0.000193 loc_loss:0.000000 lr_backbone:0.000005time:1m 35s 
[2024-04-22 19:55:50,470][INFO] [150/282] loss: 0.000218 cls_loss: 0.000218 loc_loss:0.000000 lr_backbone:0.000005time:1m 35s 
[2024-04-22 19:57:25,310][INFO] [200/282] loss: 0.000202 cls_loss: 0.000202 loc_loss:0.000000 lr_backbone:0.000005time:1m 35s 
[2024-04-22 19:59:00,425][INFO] [250/282] loss: 0.000198 cls_loss: 0.000198 loc_loss:0.000000 lr_backbone:0.000005time:1m 35s 
[2024-04-22 20:00:01,231][INFO] Epoch[94/100] Loss: 0.000206  lr_backbone:0.000005 time:1357m 30s
[2024-04-22 20:00:01,232][INFO] Epoch 95/100
[2024-04-22 20:00:01,232][INFO] ------------------------------
[2024-04-22 20:01:38,650][INFO] [50/282] loss: 0.000207 cls_loss: 0.000207 loc_loss:0.000000 lr_backbone:0.000005time:1m 37s 
[2024-04-22 20:03:13,429][INFO] [100/282] loss: 0.000210 cls_loss: 0.000210 loc_loss:0.000000 lr_backbone:0.000005time:1m 35s 
[2024-04-22 20:04:48,363][INFO] [150/282] loss: 0.000194 cls_loss: 0.000194 loc_loss:0.000000 lr_backbone:0.000005time:1m 35s 
[2024-04-22 20:06:23,810][INFO] [200/282] loss: 0.000213 cls_loss: 0.000213 loc_loss:0.000000 lr_backbone:0.000005time:1m 35s 
[2024-04-22 20:07:58,938][INFO] [250/282] loss: 0.000201 cls_loss: 0.000201 loc_loss:0.000000 lr_backbone:0.000005time:1m 35s 
[2024-04-22 20:08:59,812][INFO] Epoch[95/100] Loss: 0.000207  lr_backbone:0.000005 time:1366m 28s
[2024-04-22 20:39:05,062][INFO] original:3m:0.27653217126901336  5m:0.49120549120549123  10m:0.7770025664762507  20m:0.8980540691067007  30m:0.9184805105857737  40m:0.9265675449885976  50m:0.9332095253147885
[2024-04-22 20:39:05,063][INFO] time consume is 1804.9017100334167
[2024-04-22 20:39:05,064][INFO] the final score is 0.814947711976734
[2024-04-22 20:39:05,064][INFO] Epoch 96/100
[2024-04-22 20:39:05,064][INFO] ------------------------------
